[2024-11-15 00:38:07,661] [INFO] Operation: [Data Processing]
[2024-11-15 00:38:57,555] [INFO] Operation: [Data Processing]
[2024-11-15 00:38:57,862] [INFO] [Data Processing] Video: https://youtu.be/Pb2WhqgUWl8?si=-qb_oyJeOknaa_aQ -> 환혼_2_에서_이재욱과_오열한_바로_그_장면!_'희수'_vs_'낙수'_고윤정의_선택은?_고윤정의_ASK_ME_ANYTHING_____ELLE_KOREA
[2024-11-15 00:39:18,557] [INFO] Operation: [Data Processing]
[2024-11-15 00:39:18,922] [INFO] [Data Processing] Video: https://youtu.be/Pb2WhqgUWl8?si=-qb_oyJeOknaa_aQ -> 환혼_2_에서_이재욱과_오열한_바로_그_장면!_'희수'_vs_'낙수'_고윤정의_선택은?_고윤정의_ASK_ME_ANYTHING_____ELLE_KOREA
[2024-11-15 00:39:18,954] [INFO] [Data Processing] Video data not exist, STT and Captioning Start
[2024-11-15 00:40:42,028] [INFO] [Data Processing] Done
[2024-11-15 00:40:42,028] [INFO] ==============================================================================================
[2024-11-15 00:54:57,348] [INFO] Operation: [Data Processing]
[2024-11-15 00:54:57,651] [INFO] [Data Processing] Video: https://youtu.be/Pb2WhqgUWl8?si=-qb_oyJeOknaa_aQ -> 환혼_2_에서_이재욱과_오열한_바로_그_장면!_'희수'_vs_'낙수'_고윤정의_선택은?_고윤정의_ASK_ME_ANYTHING_____ELLE_KOREA
[2024-11-15 00:54:57,680] [INFO] [Data Processing] Video data not exist, STT and Captioning Start
[2024-11-15 00:56:20,449] [INFO] [Data Processing] Done
[2024-11-15 00:56:20,449] [INFO] ==============================================================================================
[2024-11-15 01:08:24,898] [INFO] Operation: [Summarization]
[2024-11-15 01:09:37,423] [INFO] Operation: [Summarization]
[2024-11-15 01:09:37,424] [INFO] Operation: [Data Processing]
[2024-11-15 01:09:37,769] [INFO] [Data Processing] Video: https://youtu.be/Pb2WhqgUWl8?si=-qb_oyJeOknaa_aQ -> 환혼_2_에서_이재욱과_오열한_바로_그_장면!_'희수'_vs_'낙수'_고윤정의_선택은?_고윤정의_ASK_ME_ANYTHING_____ELLE_KOREA
[2024-11-15 01:09:37,777] [INFO] [Data Processing] Video data exist
[2024-11-15 01:09:37,777] [INFO] [Summarization] Video: https://youtu.be/Pb2WhqgUWl8?si=-qb_oyJeOknaa_aQ -> 환혼_2_에서_이재욱과_오열한_바로_그_장면!_'희수'_vs_'낙수'_고윤정의_선택은?_고윤정의_ASK_ME_ANYTHING_____ELLE_KOREA
[2024-11-15 01:09:50,761] [INFO] [Summarization] Result: #고윤정 인터뷰 요약

고윤정은 엘르 인터뷰에서 자신의 일상과 작품에 대해 이야기했습니다. 그녀는 자신의 이미지가 사람들의 기대와 다를 수 있다는 것을 인정하며, 예를 들어 잘 먹는다는 것을 언급했습니다. 그녀는 또한 자신의 작품에 대해 이야기하며, 자연스러움을 가장 중요하게 생각한다고 말했습니다.

고윤정은 자신의 캐릭터에 대해 이야기하며, 희수라는 캐릭터는 처음에 자신과 비슷하다고 생각했지만, 실제로는 더 씩씩하고 용기 있는 친구라는 걸 알게 되었다고 말했습니다. 그녀는 또한 액션 장르에 대한 관심을 표명하며, 다양한 공간에서 찍을 수 있는 액션이 자신에게 매력적으로 느껴진다고 말했습니다.

고윤정은 자신의 일상에 대해 이야기하며, 자주 쓰는 이모티콘이 엄지 척이라고 말했습니다. 그녀는 또한 한 달 동안 한 가지 음식만 먹어야 한다면 라면을 선택할 것 같다고 말했습니다.

고윤정은 자신의 작품에 대해 이야기하며, 환원 파트2를 찍기 전까지는 무빙이 자신에게 더 익숙했다고 말했습니다. 그러나 환원을 찍으면서 너무 빠른 시간에 정이 들고 재밌게 촬영했다고 말했습니다.

고윤정은 또한 크리스마스를 기다리고 있으며, 최애 캐럴은 라스트 크리스마스라고 말했습니다. 그녀는 또한 자신의 원동력은 즐거움과 책임감, 그리고 응원 때문이라고 말했습니다.

고윤정은 자신의 삶과 작품에 대한 생각을 공유하며, 자신의 스타일과 취향을 보여주었습니다. 이 인터뷰를 통해 고윤정의 삶과 작품에 대한 생각을 더 깊이 이해할 수 있으며, 그녀의 스타일과 취향을 더욱 잘 알 수 있습니다.

#고윤정 #엘르 #인터뷰
[2024-11-15 01:09:50,761] [INFO] ==============================================================================================
[2024-11-15 01:10:43,260] [INFO] Operation: [Scene Search]
[2024-11-15 01:10:43,261] [INFO] [Scene Search] Query: 고윤정이 좋아하는 캐럴은?
[2024-11-15 01:10:44,795] [INFO] [Scene Search] Result: 
[2024-11-15 01:10:44,795] [INFO] ==============================================================================================
[2024-11-15 01:13:34,735] [INFO] Operation: [Scene Search]
[2024-11-15 01:13:34,736] [INFO] [Scene Search] Query: 고윤정이 좋아하는 캐럴은?
[2024-11-15 01:13:38,479] [INFO] [Scene Search] STT relevant doc: #ELLEaskmeanything #고윤정
2023년을 돌아보면 어떤 해였나요? 사랑받은 해였던 것 같아요. 되게 많은 관심과 사랑을 받은 따뜻했던 해였던 것 같습니다. 모든 작품이 아쉬웠겠지만 특별히 더 헤어지기 아쉬웠던 작품이 있다면? 음.. 이거 근데 어떤 작품 얘기하려면 또 다른 작품이 마음에 걸리고 어떤 작품이 또 다른 작품이 마음에 걸리고 어떻게 해야 되죠? 솔직히 얘기할게요. 환원 파트2 찍기 전까지는 무빙이었어요. 1년 동안 찍어서 입학과 졸업을 한 느낌 환원을 찍으면서 너무 빠른 시간에 정이 들고 재밌게 촬영하고 고생도 많이 하고 해서 환원이었다가 또 무빙이 방영돼서 다시 무빙으로 변했습니다. 크리스마스를 기다리는 윤정언니 11월부터 캐럴을 듣는다고 하셨는데 요즘 캐럴을 듣고 계시나요? 최애 캐럴 궁금해요. 저 어제 딱 처음 들었어요. 라스트 크리스마스? 뭐라야 캐리 다음으로 제일 많이 듣는 멈추지 않고 나아갈 수 있는 원동력은 무엇인가요? 즐거우니까 계속 할 수 있고 내가 맡은 일이기 때문에
[2024-11-15 01:13:49,648] [INFO] [Scene Search] Result: 고윤정씨가 좋아하는 캐럴에 대해 묻는 질문입니다. STT 결과를 살펴보면, 고윤정씨가 크리스마스를 기다리는 윤정언니라는 질문에 대해 11월부터 캐럴을 듣는다고 하셨고, 최애 캐럴에 대해 묻는 질문에 대해 "저 어제 딱 처음 들었어요. 라스트 크리스마스?"라고 대답했습니다. 따라서 고윤정씨가 좋아하는 캐럴은 "라스트 크리스마스"입니다.
[2024-11-15 01:13:49,648] [INFO] ==============================================================================================
[2024-11-15 04:36:47,043] [INFO] Operation: [Scene Search]
[2024-11-15 04:36:47,044] [INFO] [Scene Search] Query: 고윤정이 좋아하는 캐럴은?
[2024-11-15 04:36:49,494] [INFO] [Scene Search] STT relevant doc: #ELLEaskmeanything #고윤정
2023년을 돌아보면 어떤 해였나요? 사랑받은 해였던 것 같아요. 되게 많은 관심과 사랑을 받은 따뜻했던 해였던 것 같습니다. 모든 작품이 아쉬웠겠지만 특별히 더 헤어지기 아쉬웠던 작품이 있다면? 음.. 이거 근데 어떤 작품 얘기하려면 또 다른 작품이 마음에 걸리고 어떤 작품이 또 다른 작품이 마음에 걸리고 어떻게 해야 되죠? 솔직히 얘기할게요. 환원 파트2 찍기 전까지는 무빙이었어요. 1년 동안 찍어서 입학과 졸업을 한 느낌 환원을 찍으면서 너무 빠른 시간에 정이 들고 재밌게 촬영하고 고생도 많이 하고 해서 환원이었다가 또 무빙이 방영돼서 다시 무빙으로 변했습니다. 크리스마스를 기다리는 윤정언니 11월부터 캐럴을 듣는다고 하셨는데 요즘 캐럴을 듣고 계시나요? 최애 캐럴 궁금해요. 저 어제 딱 처음 들었어요. 라스트 크리스마스? 뭐라야 캐리 다음으로 제일 많이 듣는 멈추지 않고 나아갈 수 있는 원동력은 무엇인가요? 즐거우니까 계속 할 수 있고 내가 맡은 일이기 때문에
[2024-11-15 04:37:16,855] [INFO] [Scene Search] Result: 제공된 자막이나 프레임 캡션이 없어서 고윤정의 좋아하는 캐럴에 대한 정보를 제공할 수 없습니다. 자막이나 프레임 캡션이 제공된다면, 그 내용을 기반으로 고윤정의 좋아하는 캐럴에 대한 정보를 제공할 수 있습니다.
[2024-11-15 04:37:16,855] [INFO] ==============================================================================================
[2024-11-15 04:39:33,873] [INFO] Operation: [Scene Search]
[2024-11-15 04:39:33,874] [INFO] [Scene Search] Query: 고윤정이 좋아하는 캐럴은?
[2024-11-15 04:39:36,387] [INFO] [Scene Search] STT relevant doc: #ELLEaskmeanything #고윤정
2023년을 돌아보면 어떤 해였나요? 사랑받은 해였던 것 같아요. 되게 많은 관심과 사랑을 받은 따뜻했던 해였던 것 같습니다. 모든 작품이 아쉬웠겠지만 특별히 더 헤어지기 아쉬웠던 작품이 있다면? 음.. 이거 근데 어떤 작품 얘기하려면 또 다른 작품이 마음에 걸리고 어떤 작품이 또 다른 작품이 마음에 걸리고 어떻게 해야 되죠? 솔직히 얘기할게요. 환원 파트2 찍기 전까지는 무빙이었어요. 1년 동안 찍어서 입학과 졸업을 한 느낌 환원을 찍으면서 너무 빠른 시간에 정이 들고 재밌게 촬영하고 고생도 많이 하고 해서 환원이었다가 또 무빙이 방영돼서 다시 무빙으로 변했습니다. 크리스마스를 기다리는 윤정언니 11월부터 캐럴을 듣는다고 하셨는데 요즘 캐럴을 듣고 계시나요? 최애 캐럴 궁금해요. 저 어제 딱 처음 들었어요. 라스트 크리스마스? 뭐라야 캐리 다음으로 제일 많이 듣는 멈추지 않고 나아갈 수 있는 원동력은 무엇인가요? 즐거우니까 계속 할 수 있고 내가 맡은 일이기 때문에
[2024-11-15 04:39:47,130] [INFO] [Scene Search] Result: [{'time': '0:05:00', 'stt_data': {'doc': '2023년을 돌아보면 어떤 해였나요? 사랑받은 해였던 것 같아요. 되게 많은 관심과 사랑을 받은 따뜻했던 해였던 것 같습니다. 모든 작품이 아쉬웠겠지만 특별히 더 헤어지기 아쉬웠던 작품이 있다면? 음.. 이거 근데 어떤 작품 얘기하려면 또 다른 작품이 마음에 걸리고 어떤 작품이 또 다른 작품이 마음에 걸리고 어떻게 해야 되죠? 솔직히 얘기할게요. 환원 파트2 찍기 전까지는 무빙이었어요. 1년 동안 찍어서 입학과 졸업을 한 느낌 환원을 찍으면서 너무 빠른 시간에 정이 들고 재밌게 촬영하고 고생도 많이 하고 해서 환원이었다가 또 무빙이 방영돼서 다시 무빙으로 변했습니다. 크리스마스를 기다리는 윤정언니 11월부터 캐럴을 듣는다고 하셨는데 요즘 캐럴을 듣고 계시나요? 최애 캐럴 궁금해요. 저 어제 딱 처음 들었어요. 라스트 크리스마스? 뭐라야 캐리 다음으로 제일 많이 듣는 멈추지 않고 나아갈 수 있는 원동력은 무엇인가요? 즐거우니까 계속 할 수 있고 내가 맡은 일이기 때문에', 'time': 300, 'url': 'https://youtu.be/Pb2WhqgUWl8?si=-qb_oyJeOknaa_aQ', 'title': "환혼_2_에서_이재욱과_오열한_바로_그_장면!_'희수'_vs_'낙수'_고윤정의_선택은?_고윤정의_ASK_ME_ANYTHING_____ELLE_KOREA", 'description': '#ELLEaskmeanything #고윤정'}, 'caption_data': None}]
[2024-11-15 04:39:48,044] [INFO] [Scene Search] Result: 고윤정님이 좋아하는 캐럴에 대한 정보는 제공된 자막이나 캡션에서 찾을 수 없습니다. 제공된 자막이나 캡션이 없기 때문에 정확한 답변을 드릴 수 없습니다.
[2024-11-15 04:39:48,044] [INFO] ==============================================================================================
[2024-11-15 04:43:56,449] [INFO] Operation: [Scene Search]
[2024-11-15 04:43:56,449] [INFO] [Scene Search] Query: 고윤정이 좋아하는 캐럴은?
[2024-11-15 04:43:59,252] [INFO] [Scene Search] STT relevant doc: #ELLEaskmeanything #고윤정
2023년을 돌아보면 어떤 해였나요? 사랑받은 해였던 것 같아요. 되게 많은 관심과 사랑을 받은 따뜻했던 해였던 것 같습니다. 모든 작품이 아쉬웠겠지만 특별히 더 헤어지기 아쉬웠던 작품이 있다면? 음.. 이거 근데 어떤 작품 얘기하려면 또 다른 작품이 마음에 걸리고 어떤 작품이 또 다른 작품이 마음에 걸리고 어떻게 해야 되죠? 솔직히 얘기할게요. 환원 파트2 찍기 전까지는 무빙이었어요. 1년 동안 찍어서 입학과 졸업을 한 느낌 환원을 찍으면서 너무 빠른 시간에 정이 들고 재밌게 촬영하고 고생도 많이 하고 해서 환원이었다가 또 무빙이 방영돼서 다시 무빙으로 변했습니다. 크리스마스를 기다리는 윤정언니 11월부터 캐럴을 듣는다고 하셨는데 요즘 캐럴을 듣고 계시나요? 최애 캐럴 궁금해요. 저 어제 딱 처음 들었어요. 라스트 크리스마스? 뭐라야 캐리 다음으로 제일 많이 듣는 멈추지 않고 나아갈 수 있는 원동력은 무엇인가요? 즐거우니까 계속 할 수 있고 내가 맡은 일이기 때문에
[2024-11-15 04:44:02,852] [INFO] [Scene Search] Caption relevant doc: #ELLEaskmeanything #고윤정
이 이미지에는 한 여성이 주로 주목받고 있습니다. 그녀는 검정과 화이트의 체크 패턴을 한 드레스를 입고 있으며, 목에 목걸이를 착용하고 있습니다. 그녀는 오른손으로 녹색 종이를 들고 있으며, 왼손에는 엘레가 쓰여 있는 노란색 종이를 들고 있습니다. 그녀의 앞에는 'ASK ME ANYTHING'이라는 텍스트가 있으며, 그녀의 옆에는 'Q4'라는 텍스트가 있습니다. 그녀의 옆에는 'ELLE'이라는 텍스트가 있으며, 그녀의 옆에는 '이모지가 있나요?'라는 텍스트가 있습니다. 그녀의 옆에는 '이게를 제일 많이 싸요'라는 텍스트가 있습니다. 그녀의 옆에는 'thumbs up'이라는 텍스트가 있습니다.
[2024-11-15 04:44:02,852] [INFO] [Scene Search] Result: [{'time': '0:02:00', 'stt_data': None, 'caption_data': {'doc': "이 이미지에는 한 여성이 주로 주목받고 있습니다. 그녀는 검정과 화이트의 체크 패턴을 한 드레스를 입고 있으며, 목에 목걸이를 착용하고 있습니다. 그녀는 오른손으로 녹색 종이를 들고 있으며, 왼손에는 엘레가 쓰여 있는 노란색 종이를 들고 있습니다. 그녀의 앞에는 'ASK ME ANYTHING'이라는 텍스트가 있으며, 그녀의 옆에는 'Q4'라는 텍스트가 있습니다. 그녀의 옆에는 'ELLE'이라는 텍스트가 있으며, 그녀의 옆에는 '이모지가 있나요?'라는 텍스트가 있습니다. 그녀의 옆에는 '이게를 제일 많이 싸요'라는 텍스트가 있습니다. 그녀의 옆에는 'thumbs up'이라는 텍스트가 있습니다.", 'time': '0:02:00', 'url': 'https://youtu.be/Pb2WhqgUWl8?si=-qb_oyJeOknaa_aQ', 'title': "환혼_2_에서_이재욱과_오열한_바로_그_장면!_'희수'_vs_'낙수'_고윤정의_선택은?_고윤정의_ASK_ME_ANYTHING_____ELLE_KOREA", 'description': '#ELLEaskmeanything #고윤정'}}, {'time': '0:05:00', 'stt_data': {'doc': '2023년을 돌아보면 어떤 해였나요? 사랑받은 해였던 것 같아요. 되게 많은 관심과 사랑을 받은 따뜻했던 해였던 것 같습니다. 모든 작품이 아쉬웠겠지만 특별히 더 헤어지기 아쉬웠던 작품이 있다면? 음.. 이거 근데 어떤 작품 얘기하려면 또 다른 작품이 마음에 걸리고 어떤 작품이 또 다른 작품이 마음에 걸리고 어떻게 해야 되죠? 솔직히 얘기할게요. 환원 파트2 찍기 전까지는 무빙이었어요. 1년 동안 찍어서 입학과 졸업을 한 느낌 환원을 찍으면서 너무 빠른 시간에 정이 들고 재밌게 촬영하고 고생도 많이 하고 해서 환원이었다가 또 무빙이 방영돼서 다시 무빙으로 변했습니다. 크리스마스를 기다리는 윤정언니 11월부터 캐럴을 듣는다고 하셨는데 요즘 캐럴을 듣고 계시나요? 최애 캐럴 궁금해요. 저 어제 딱 처음 들었어요. 라스트 크리스마스? 뭐라야 캐리 다음으로 제일 많이 듣는 멈추지 않고 나아갈 수 있는 원동력은 무엇인가요? 즐거우니까 계속 할 수 있고 내가 맡은 일이기 때문에', 'time': 300, 'url': 'https://youtu.be/Pb2WhqgUWl8?si=-qb_oyJeOknaa_aQ', 'title': "환혼_2_에서_이재욱과_오열한_바로_그_장면!_'희수'_vs_'낙수'_고윤정의_선택은?_고윤정의_ASK_ME_ANYTHING_____ELLE_KOREA", 'description': '#ELLEaskmeanything #고윤정'}, 'caption_data': None}]
[2024-11-15 04:44:04,472] [INFO] [Scene Search] Result: 고윤정에 대한 정보는 제공되지 않았습니다. 하지만, 제공된 프레임 캡션에서 고윤정에 대한 질문이 있는 것을 알 수 있습니다. 그러나, 고윤정이 좋아하는 캐럴에 대한 정보는 제공되지 않았습니다.고윤정의 좋아하는 캐럴은 라스트 크리스마스입니다.
[2024-11-15 04:44:04,472] [INFO] ==============================================================================================
[2024-11-15 04:48:23,043] [INFO] Operation: [Scene Search]
[2024-11-15 04:48:23,043] [INFO] [Scene Search] Query: 고윤정이 좋아하는 캐럴은?
[2024-11-15 04:48:25,272] [INFO] [Scene Search] STT relevant doc: #ELLEaskmeanything #고윤정
2023년을 돌아보면 어떤 해였나요? 사랑받은 해였던 것 같아요. 되게 많은 관심과 사랑을 받은 따뜻했던 해였던 것 같습니다. 모든 작품이 아쉬웠겠지만 특별히 더 헤어지기 아쉬웠던 작품이 있다면? 음.. 이거 근데 어떤 작품 얘기하려면 또 다른 작품이 마음에 걸리고 어떤 작품이 또 다른 작품이 마음에 걸리고 어떻게 해야 되죠? 솔직히 얘기할게요. 환원 파트2 찍기 전까지는 무빙이었어요. 1년 동안 찍어서 입학과 졸업을 한 느낌 환원을 찍으면서 너무 빠른 시간에 정이 들고 재밌게 촬영하고 고생도 많이 하고 해서 환원이었다가 또 무빙이 방영돼서 다시 무빙으로 변했습니다. 크리스마스를 기다리는 윤정언니 11월부터 캐럴을 듣는다고 하셨는데 요즘 캐럴을 듣고 계시나요? 최애 캐럴 궁금해요. 저 어제 딱 처음 들었어요. 라스트 크리스마스? 뭐라야 캐리 다음으로 제일 많이 듣는 멈추지 않고 나아갈 수 있는 원동력은 무엇인가요? 즐거우니까 계속 할 수 있고 내가 맡은 일이기 때문에
[2024-11-15 04:48:30,640] [INFO] [Scene Search] Caption relevant doc: #ELLEaskmeanything #고윤정
이 이미지에는 한 여성이 주로 주목받고 있습니다. 그녀는 검정과 화이트의 체크 패턴을 한 드레스를 입고 있으며, 목에 목걸이를 착용하고 있습니다. 그녀는 오른손으로 녹색 종이를 들고 있으며, 왼손에는 엘레가 쓰여 있는 노란색 종이를 들고 있습니다. 그녀의 앞에는 'ASK ME ANYTHING'이라는 텍스트가 있으며, 그녀의 옆에는 'Q4'라는 텍스트가 있습니다. 그녀의 옆에는 'ELLE'이라는 텍스트가 있으며, 그녀의 옆에는 '이모지가 있나요?'라는 텍스트가 있습니다. 그녀의 옆에는 '이게를 제일 많이 싸요'라는 텍스트가 있습니다. 그녀의 옆에는 'thumbs up'이라는 텍스트가 있습니다.
[2024-11-15 04:48:30,640] [INFO] [Scene Search] Result: [{'time': '0:02:00', 'stt_data': None, 'caption_data': {'doc': "이 이미지에는 한 여성이 주로 주목받고 있습니다. 그녀는 검정과 화이트의 체크 패턴을 한 드레스를 입고 있으며, 목에 목걸이를 착용하고 있습니다. 그녀는 오른손으로 녹색 종이를 들고 있으며, 왼손에는 엘레가 쓰여 있는 노란색 종이를 들고 있습니다. 그녀의 앞에는 'ASK ME ANYTHING'이라는 텍스트가 있으며, 그녀의 옆에는 'Q4'라는 텍스트가 있습니다. 그녀의 옆에는 'ELLE'이라는 텍스트가 있으며, 그녀의 옆에는 '이모지가 있나요?'라는 텍스트가 있습니다. 그녀의 옆에는 '이게를 제일 많이 싸요'라는 텍스트가 있습니다. 그녀의 옆에는 'thumbs up'이라는 텍스트가 있습니다.", 'time': '0:02:00', 'url': 'https://youtu.be/Pb2WhqgUWl8?si=-qb_oyJeOknaa_aQ', 'title': "환혼_2_에서_이재욱과_오열한_바로_그_장면!_'희수'_vs_'낙수'_고윤정의_선택은?_고윤정의_ASK_ME_ANYTHING_____ELLE_KOREA", 'description': '#ELLEaskmeanything #고윤정'}}, {'time': '0:05:00', 'stt_data': {'doc': '2023년을 돌아보면 어떤 해였나요? 사랑받은 해였던 것 같아요. 되게 많은 관심과 사랑을 받은 따뜻했던 해였던 것 같습니다. 모든 작품이 아쉬웠겠지만 특별히 더 헤어지기 아쉬웠던 작품이 있다면? 음.. 이거 근데 어떤 작품 얘기하려면 또 다른 작품이 마음에 걸리고 어떤 작품이 또 다른 작품이 마음에 걸리고 어떻게 해야 되죠? 솔직히 얘기할게요. 환원 파트2 찍기 전까지는 무빙이었어요. 1년 동안 찍어서 입학과 졸업을 한 느낌 환원을 찍으면서 너무 빠른 시간에 정이 들고 재밌게 촬영하고 고생도 많이 하고 해서 환원이었다가 또 무빙이 방영돼서 다시 무빙으로 변했습니다. 크리스마스를 기다리는 윤정언니 11월부터 캐럴을 듣는다고 하셨는데 요즘 캐럴을 듣고 계시나요? 최애 캐럴 궁금해요. 저 어제 딱 처음 들었어요. 라스트 크리스마스? 뭐라야 캐리 다음으로 제일 많이 듣는 멈추지 않고 나아갈 수 있는 원동력은 무엇인가요? 즐거우니까 계속 할 수 있고 내가 맡은 일이기 때문에', 'time': 300, 'url': 'https://youtu.be/Pb2WhqgUWl8?si=-qb_oyJeOknaa_aQ', 'title': "환혼_2_에서_이재욱과_오열한_바로_그_장면!_'희수'_vs_'낙수'_고윤정의_선택은?_고윤정의_ASK_ME_ANYTHING_____ELLE_KOREA", 'description': '#ELLEaskmeanything #고윤정'}, 'caption_data': None}]
[2024-11-15 04:48:33,007] [INFO] [Scene Search] Result: 고윤정의 좋아하는 캐럴에 대한 정보는 제공된 프레임 캡션에서 직접적으로 언급되지 않았습니다. 그러나 캡션에는 '고윤정'이라는 텍스트가 함께 표시되어 있기 때문에, 이 질문에 대한 답은 다른 프레임 캡션이나 비디오 내용에서 찾을 수 있을 가능성이 있습니다. 제공된 캡션에서는 고윤정이 검정과 화이트의 체크 패턴 드레스를 입고 있으며, 녹색 종이와 엘레가 쓰여 있는 노란색 종이를 들고 있는 모습이 보입니다.고윤정의 좋아하는 캐럴은 '라스트 크리스마스'입니다.
[2024-11-15 04:48:33,007] [INFO] ==============================================================================================
[2024-11-15 06:38:58,460] [INFO] Operation: [Data Processing]
[2024-11-15 06:38:58,790] [INFO] [Data Processing] Video: https://youtu.be/exUnQqXJFPU?si=7H0koDVn_pHpCMP- -> 아_기빨려_애들아_난_잘테니_너네_떠들다_가...!
[2024-11-15 06:38:58,801] [INFO] [Data Processing] Video data not exist, STT and Captioning Start
[2024-11-15 06:48:25,200] [INFO] [Data Processing] Done
[2024-11-15 06:48:25,200] [INFO] ==============================================================================================
[2024-11-15 07:39:50,924] [INFO] Operation: [Data Processing]
[2024-11-15 07:39:51,247] [INFO] [Data Processing] Video: https://youtu.be/exUnQqXJFPU?si=DM47XiVYybIYtcBm -> 아_기빨려_애들아_난_잘테니_너네_떠들다_가...!
[2024-11-15 07:39:51,284] [INFO] [Data Processing] Video data not exist, STT and Captioning Start
[2024-11-15 07:49:02,363] [INFO] [Data Processing] Done
[2024-11-15 07:49:02,364] [INFO] ==============================================================================================
[2024-11-15 07:50:48,931] [INFO] Operation: [Scene Search]
[2024-11-15 07:50:48,931] [INFO] [Scene Search] Query: 까부러진 옷 처음보냐는 구간 어디야?
[2024-11-15 07:50:51,403] [INFO] [Scene Search] STT relevant doc: 
혜리야 너 지금 너무 무서웠다 맞아 맞아 아니 이게 이제 옛날 같지 않아 이런 당연하고 쉬운 말들이 너무 크게 와닿는 나이가 될 거라고 요즘은 다 너무 쟤 막 다 그렇게 잘했네 못했네를 친구들끼리도 해 너 이거 옷이 꼬꼬라 까부라진 거 아니야? 까부라진 거야 원래가 까부라진 거네 왜? 까부라진 거 처음 봐? 원래가 꼬꼬라진 줄 몰라 요즘 유행이야 까부라진 게 요즘 안 까부라진 사람도 있나? 네 저 이거 때문에 핑계고 나갔더라고 핑계고? 핑계고 니네 이거 때문에 나간 거야? 노래 나간 거야? 핑계고 저번에 나갔어 12월에 그때는 그때 음원이 있었어 그거 톤으로 나왔어 야 근데 그 노래 내가 미쳤다 그랬었어 왜요? 그걸 니네 브이로그에서 풀었잖아 난 그런 거 쟤네 집에 왜 마이크가 그런 게 있어야 되고 다 구비돼 있어요 오빠 웬만한 기계는 다 구비돼 있어요 아 이게 이렇게 브이로그를 하면 그거 잘 됐니?
[2024-11-15 07:50:55,699] [INFO] [Scene Search] Result: [{'time': '0:29:00', 'stt_data': {'doc': '혜리야 너 지금 너무 무서웠다 맞아 맞아 아니 이게 이제 옛날 같지 않아 이런 당연하고 쉬운 말들이 너무 크게 와닿는 나이가 될 거라고 요즘은 다 너무 쟤 막 다 그렇게 잘했네 못했네를 친구들끼리도 해 너 이거 옷이 꼬꼬라 까부라진 거 아니야? 까부라진 거야 원래가 까부라진 거네 왜? 까부라진 거 처음 봐? 원래가 꼬꼬라진 줄 몰라 요즘 유행이야 까부라진 게 요즘 안 까부라진 사람도 있나? 네 저 이거 때문에 핑계고 나갔더라고 핑계고? 핑계고 니네 이거 때문에 나간 거야? 노래 나간 거야? 핑계고 저번에 나갔어 12월에 그때는 그때 음원이 있었어 그거 톤으로 나왔어 야 근데 그 노래 내가 미쳤다 그랬었어 왜요? 그걸 니네 브이로그에서 풀었잖아 난 그런 거 쟤네 집에 왜 마이크가 그런 게 있어야 되고 다 구비돼 있어요 오빠 웬만한 기계는 다 구비돼 있어요 아 이게 이렇게 브이로그를 하면 그거 잘 됐니?', 'time': 1740, 'url': 'https://youtu.be/exUnQqXJFPU?si=DM47XiVYybIYtcBm', 'title': '아_기빨려_애들아_난_잘테니_너네_떠들다_가...!', 'description': ''}, 'caption_data': None}]
[2024-11-15 07:50:57,725] [INFO] [Scene Search] Result: 영상 속에서 혜리가 친구에게 "까부라진 거 처음 봐?"라고 말하는 구간은, 혜리가 친구의 옷을 보고 까부라진 옷이 요즘 유행이라고 말하는 부분입니다. 이때 혜리는 친구의 옷이 원래부터 까부라져 있는지, 아니면 요즘 유행하는 스타일인지 물어보는 것처럼 보입니다.
[2024-11-15 07:50:57,726] [INFO] ==============================================================================================
[2024-11-15 08:00:02,520] [INFO] Operation: [Data Processing]
[2024-11-15 08:00:02,840] [INFO] [Data Processing] Video: https://youtu.be/S0-mMeAErIM?si=YdqLG1cPtaRLDSzm -> (ENG)_이시언___“오빠가_이래서_우리가_손절설이_돌잖아...!!”___손절설_해명,_결혼_조언_그리고_기안84_[나래식]_EP.09
[2024-11-15 08:00:02,852] [INFO] [Data Processing] Video data not exist, STT and Captioning Start
[2024-11-15 08:16:04,003] [INFO] Operation: [Data Processing]
[2024-11-15 08:16:04,374] [INFO] [Data Processing] Video: https://youtu.be/S0-mMeAErIM?si=YdqLG1cPtaRLDSzm -> (ENG)_이시언___“오빠가_이래서_우리가_손절설이_돌잖아...!!”___손절설_해명,_결혼_조언_그리고_기안84_[나래식]_EP.09
[2024-11-15 08:16:04,386] [INFO] [Data Processing] Video data not exist, STT and Captioning Start
[2024-11-15 08:23:37,126] [INFO] Operation: [Data Processing]
[2024-11-15 08:23:37,476] [INFO] [Data Processing] Video: https://youtu.be/S0-mMeAErIM?si=YdqLG1cPtaRLDSzm -> (ENG)_이시언___“오빠가_이래서_우리가_손절설이_돌잖아...!!”___손절설_해명,_결혼_조언_그리고_기안84_[나래식]_EP.09
[2024-11-15 08:23:37,494] [INFO] [Data Processing] Video data not exist, STT and Captioning Start
[2024-11-15 08:30:09,006] [INFO] [Data Processing] Done
[2024-11-15 08:30:09,006] [INFO] ==============================================================================================
