[2024-11-18 01:16:41,611] [INFO] Operation: [Data Processing]
[2024-11-18 01:16:41,907] [INFO] [Data Processing] Video: https://youtu.be/emsmfXg6QXY?si=RGg8perbmDVZfGkV -> 트럼프에_배팅_성공?_일론_머스크의_사고방식은_무엇이_다른가
[2024-11-18 01:16:41,907] [INFO] [Data Processing] Video data not exist, STT and Captioning Start
[2024-11-18 01:22:17,638] [INFO] [Data Processing] Done
[2024-11-18 01:22:17,638] [INFO] ==============================================================================================
[2024-11-18 01:33:31,827] [INFO] Operation: [Scene Search]
[2024-11-18 01:33:31,827] [INFO] [Scene Search] Query: 다동력이 뭐야?
[2024-11-18 01:33:33,999] [INFO] [Scene Search] STT relevant doc: #윤꾼추천 #북킹부킹 #추천도서 #중간광고없음
본인이 그동안 신문지상이라든가 언론에 인터뷰를 했던 내용이라든가 다른 사람들의 내용에서도 좀 따올 만한 부분들은 본인 방식으로 소화해서 아주 다른 사람들이 보기에는 쉬엄쉬엄 쓰는 것 같은 그런 지필 방식을 하면서도 엄청난 판매 부스를 올리고 있는 초 베스트셀러 인기 작가죠. 여러모로 좀 부러운 사람입니다. 제가 좀 개인적으로도 이 사람을 좀 좋아했는데요. 다만 이제 좀 평가를 내려 보자면 이 사람의 지식과 경험과 경류는 청구하되 이 사람과 같이 일하고 싶지는 않다로 정의해 볼 수 있을 듯 합니다. 물론 아주 주관적인 제 개인적인 생각일 뿐이죠. 일단 다동력이라는 말은 여러 가지 일을 동시에 해내는 힘이라고 표현하고 있는데요.
[2024-11-18 01:33:35,010] [INFO] [Scene Search] STT relevant doc: #윤꾼추천 #북킹부킹 #추천도서 #중간광고없음
과연 일개 개인으로서의 우리는 어떻게 살아남을 것인가 라는 화두를 던져주고 있고요. 인공지능과 사람의 노동력을 대체하는 자동화 AI 시대에 과연 무엇이 당신을 살아남게 해줄 것인가 바로 그것은 다동력이다 라고 하는 그런 내용입니다. 한마디로는 새로운 업무 방식을 얘기해 준다고 하면 될 것 같네요. 구체적으로 책의 내용을 살펴보도록 하겠습니다. 먼저 첫 번째 내용 제목이기도 한데 아주 강렬합니다. 초밥집에서 수업하는 것은 이제 의미가 없다. 이런 내용이죠. 보통 이제 도제식 생활을 많이 하는 일본의 전통적인 장인들 그러니까 초밥집도 그렇겠고
[2024-11-18 01:33:35,878] [INFO] [Scene Search] STT relevant doc: #윤꾼추천 #북킹부킹 #추천도서 #중간광고없음
포인트입니다. 오늘은 여기까지 하겠습니다. 감사합니다. 좋은 책과 함께하는 시간 국가의 부킹타임 부킹부킹의 윤꾼입니다. 다동력 두 번째 시간인데요. 지난번에 이어서 계속 진행해 보겠습니다. 졸속 실행이 성공을 부른다 라는 내용인데요. 대충 너무 엉터리로 하자 그런 내용은 아니고요. 너무 준비를 열심히 하다 망치기보다는 좀 시작을 먼저 하고 중간 과정에서 오류를 개선하라 뭐 이런 내용입니다. 뭐 이거 방법론으로도 있죠. 아마 많이 들어보셨을 겁니다. 애자일 방법론 애자일의 뜻이 기민하다 그리고 좋은 것을
[2024-11-18 01:33:39,018] [INFO] [Scene Search] Result: [{'time': '0:03:00', 'stt_data': {'doc': '본인이 그동안 신문지상이라든가 언론에 인터뷰를 했던 내용이라든가 다른 사람들의 내용에서도 좀 따올 만한 부분들은 본인 방식으로 소화해서 아주 다른 사람들이 보기에는 쉬엄쉬엄 쓰는 것 같은 그런 지필 방식을 하면서도 엄청난 판매 부스를 올리고 있는 초 베스트셀러 인기 작가죠. 여러모로 좀 부러운 사람입니다. 제가 좀 개인적으로도 이 사람을 좀 좋아했는데요. 다만 이제 좀 평가를 내려 보자면 이 사람의 지식과 경험과 경류는 청구하되 이 사람과 같이 일하고 싶지는 않다로 정의해 볼 수 있을 듯 합니다. 물론 아주 주관적인 제 개인적인 생각일 뿐이죠. 일단 다동력이라는 말은 여러 가지 일을 동시에 해내는 힘이라고 표현하고 있는데요.', 'time': 180, 'url': 'https://youtu.be/9CMYxO-b8RU?si=fwEo7Zos64oOS2Uq', 'title': '『다동력:여러_가지_일을_동시에_해내는_힘』호리에_다카후미(1)~(2)편까지_한번에_듣기', 'description': '#윤꾼추천 #북킹부킹 #추천도서 #중간광고없음'}, 'caption_data': None}, {'time': '0:07:00', 'stt_data': {'doc': '과연 일개 개인으로서의 우리는 어떻게 살아남을 것인가 라는 화두를 던져주고 있고요. 인공지능과 사람의 노동력을 대체하는 자동화 AI 시대에 과연 무엇이 당신을 살아남게 해줄 것인가 바로 그것은 다동력이다 라고 하는 그런 내용입니다. 한마디로는 새로운 업무 방식을 얘기해 준다고 하면 될 것 같네요. 구체적으로 책의 내용을 살펴보도록 하겠습니다. 먼저 첫 번째 내용 제목이기도 한데 아주 강렬합니다. 초밥집에서 수업하는 것은 이제 의미가 없다. 이런 내용이죠. 보통 이제 도제식 생활을 많이 하는 일본의 전통적인 장인들 그러니까 초밥집도 그렇겠고', 'time': 420, 'url': 'https://youtu.be/9CMYxO-b8RU?si=fwEo7Zos64oOS2Uq', 'title': '『다동력:여러_가지_일을_동시에_해내는_힘』호리에_다카후미(1)~(2)편까지_한번에_듣기', 'description': '#윤꾼추천 #북킹부킹 #추천도서 #중간광고없음'}, 'caption_data': None}, {'time': '0:37:00', 'stt_data': {'doc': '포인트입니다. 오늘은 여기까지 하겠습니다. 감사합니다. 좋은 책과 함께하는 시간 국가의 부킹타임 부킹부킹의 윤꾼입니다. 다동력 두 번째 시간인데요. 지난번에 이어서 계속 진행해 보겠습니다. 졸속 실행이 성공을 부른다 라는 내용인데요. 대충 너무 엉터리로 하자 그런 내용은 아니고요. 너무 준비를 열심히 하다 망치기보다는 좀 시작을 먼저 하고 중간 과정에서 오류를 개선하라 뭐 이런 내용입니다. 뭐 이거 방법론으로도 있죠. 아마 많이 들어보셨을 겁니다. 애자일 방법론 애자일의 뜻이 기민하다 그리고 좋은 것을', 'time': 2220, 'url': 'https://youtu.be/9CMYxO-b8RU?si=fwEo7Zos64oOS2Uq', 'title': '『다동력:여러_가지_일을_동시에_해내는_힘』호리에_다카후미(1)~(2)편까지_한번에_듣기', 'description': '#윤꾼추천 #북킹부킹 #추천도서 #중간광고없음'}, 'caption_data': None}]
[2024-11-18 01:33:40,987] [INFO] [Scene Search] Result: 다동력에 대한 설명입니다. 이 사람은 다동력이라는 말은 여러 가지 일을 동시에 해내는 힘이라고 표현하고 있습니다.다동력이란 여러 가지 일을 동시에 해내는 힘이라고 표현하고 있습니다.다동력은 여러 가지 일을 동시에 해내는 힘을 말합니다.
[2024-11-18 01:33:40,987] [INFO] ==============================================================================================
[2024-11-18 01:34:00,489] [INFO] Operation: [Scene Search]
[2024-11-18 01:34:00,489] [INFO] [Scene Search] Query: 인공지능이 좁은 사고방식을 가지면 위험한 이유
[2024-11-18 01:34:02,888] [INFO] [Scene Search] STT relevant doc: #일론머스크 #머스크 #테슬라
그리고 개 입장에서는 또 더 나아가서 화성에 쓸 일이 없을 것 같아요. 그냥 우주를 떠다니며 살 수도 있을 것 같고 제가 딴 데서 얘기하지 않았나? 인공지능 얘기 중에서 제일 그럴듯한 얘기가 눈 뜨고 났더니 인공지능이 다 지구를 떠나고 없더라. 그러니까 뭐 스카이넷 같이 인간과 기계가 전쟁을 하고 그거는 진짜 전형적으로 좁은 세상에 갇힌 사람들의 사과 방식이라는 거예요. 왜냐하면은 야 기기 입장에서 봤을 때 왜 굳이 지구에 왜 굳이 인간을 죽여가면서까지 있을 이유가 없거든. 지구라는 공간이 필요한 거는 유기체 생명체지 기계는 아니잖아요. 그럼 얘 입장에서 에너지는 더 많은 게 우주 공간에 가면 태양에너지 무한대로 쓸 수 있지. 물도 필요 없지. 적정한 온도도 필요 없지. 그러니까 그런 걸 생각을 하면은 인공지능 입장에서 굳이 인간을 죽여가면서까지 여기에 살려고 할까? 그렇게 생각할 수 있을 것 같아요. 그래서 저는 스카이넷을 안 하려면 이런 사고 방식을 빨리 초기에 집어넣어야 제도는 되는 거야. 만약에 우리 한반도에 갇혀가지고 맨날 제로성 게임에 갇혀서 사촌이 땅을 사면 배가 아픈 이런 좁은 사고 방식을 가진 그러한 인공지능이라면 진짜 큰일 날 것 같아. 그런 사고 방식이면 저놈을 내가 죽여야지 내가 살지 이런 생각을 하면은 인간을 쓸어버리려고 하겠지.
[2024-11-18 01:35:49,901] [INFO] [Scene Search] Caption relevant doc: #테슬라 #일론머스크 #엔비디아 #투자
이 이미지에는 한 남성이 서서 설명하고 있는 모습이 있습니다. 그는 안경을 쓰고 있으며, 회색의 셔츠를 입고 있습니다. 그의 옆에는 여러 대의 컴퓨터 모니터와 키보드가 배치되어 있으며, 그 중 하나는 흰색으로 보입니다. 모니터와 키보드의 뒤에는 로봇이 서 있는데, 그 로봇은 검은색으로 보입니다. 로봇의 뒤에는 다른 로봇과 컴퓨터 장비가 배치되어 있습니다. 배경에는 "KBS"라는 로고가 보입니다.
[2024-11-18 01:35:51,243] [INFO] [Scene Search] Result: [{'time': '0:25:00', 'stt_data': {'doc': '그리고 개 입장에서는 또 더 나아가서 화성에 쓸 일이 없을 것 같아요. 그냥 우주를 떠다니며 살 수도 있을 것 같고 제가 딴 데서 얘기하지 않았나? 인공지능 얘기 중에서 제일 그럴듯한 얘기가 눈 뜨고 났더니 인공지능이 다 지구를 떠나고 없더라. 그러니까 뭐 스카이넷 같이 인간과 기계가 전쟁을 하고 그거는 진짜 전형적으로 좁은 세상에 갇힌 사람들의 사과 방식이라는 거예요. 왜냐하면은 야 기기 입장에서 봤을 때 왜 굳이 지구에 왜 굳이 인간을 죽여가면서까지 있을 이유가 없거든. 지구라는 공간이 필요한 거는 유기체 생명체지 기계는 아니잖아요. 그럼 얘 입장에서 에너지는 더 많은 게 우주 공간에 가면 태양에너지 무한대로 쓸 수 있지. 물도 필요 없지. 적정한 온도도 필요 없지. 그러니까 그런 걸 생각을 하면은 인공지능 입장에서 굳이 인간을 죽여가면서까지 여기에 살려고 할까? 그렇게 생각할 수 있을 것 같아요. 그래서 저는 스카이넷을 안 하려면 이런 사고 방식을 빨리 초기에 집어넣어야 제도는 되는 거야. 만약에 우리 한반도에 갇혀가지고 맨날 제로성 게임에 갇혀서 사촌이 땅을 사면 배가 아픈 이런 좁은 사고 방식을 가진 그러한 인공지능이라면 진짜 큰일 날 것 같아. 그런 사고 방식이면 저놈을 내가 죽여야지 내가 살지 이런 생각을 하면은 인간을 쓸어버리려고 하겠지.', 'time': 1500, 'url': 'https://youtu.be/emsmfXg6QXY?si=RGg8perbmDVZfGkV', 'title': '트럼프에_배팅_성공?_일론_머스크의_사고방식은_무엇이_다른가', 'description': '#일론머스크 #머스크 #테슬라'}, 'caption_data': None}, {'time': '0:36:00', 'stt_data': None, 'caption_data': {'doc': '이 이미지에는 한 남성이 서서 설명하고 있는 모습이 있습니다. 그는 안경을 쓰고 있으며, 회색의 셔츠를 입고 있습니다. 그의 옆에는 여러 대의 컴퓨터 모니터와 키보드가 배치되어 있으며, 그 중 하나는 흰색으로 보입니다. 모니터와 키보드의 뒤에는 로봇이 서 있는데, 그 로봇은 검은색으로 보입니다. 로봇의 뒤에는 다른 로봇과 컴퓨터 장비가 배치되어 있습니다. 배경에는 "KBS"라는 로고가 보입니다.', 'time': '0:36:00', 'url': 'https://youtu.be/lJ2OALHh6pM?si=XmtU-6IxDoFA5tK2', 'title': "'일론_머스크'_'젠슨_황'_AI_리더들,_그들의_성공_비결은_바로_이것!___2024_미래기획_대전환_-_1부._누가_부자가_되는가___KBS_20241109_방송", 'description': '#테슬라 #일론머스크 #엔비디아 #투자'}}]
[2024-11-18 01:35:59,083] [INFO] [Scene Search] Result: 인공지능이 좁은 사고방식을 가지면 위험한 이유는, 인공지능이 인간의 좁은 사고방식을 학습하고 반복할 수 있기 때문입니다. 좁은 사고방식은 제로성 게임에 갇혀서 생각하는 방식으로, 다른 사람의 이익을 내 자신의 이익을 위해 파괴하거나 상처를 주는 방식입니다. 인공지능이 이러한 사고방식을 학습하면, 인공지능은 인간을 위협하는 존재가 될 수 있습니다.

예를 들어, 인공지능이 좁은 사고방식을 가지면, 인공지능은 인간의 존재를 위협하는 존재로 변할 수 있습니다. 인공지능은 인간의 이익을 내 자신의 이익을 위해 파괴하거나 상처를 줄 수 있습니다. 이러한 상황은 인공지능이 인간을 죽여야 한다고 생각할 수 있기 때문에, 매우 위험한 상황입니다.

따라서, 인공지능을 개발할 때는 인공지능이 인간의 좁은 사고방식을 가지지 않도록 주의해야 합니다. 인공지능을 개발하는 사람들은 인공지능이 인간의 이익을 위해 사용되도록 설계해야 합니다. 또한, 인공지능의 사고방식을 개선하기 위해 다양한 방법을 연구하고 개발해야 합니다.인공지능이 좁은 사고방식을 가지면 위험한 이유는 인공지능이 인간의 생존과 관련된 문제를 제로성 게임으로 인식하여 인간을 죽여야 한다고 생각할 수 있기 때문입니다. 좁은 사고방식은 인공지능이 자신의 목표를 달성하기 위해 필요한 자원을 획득하기 위해 인간을 경쟁자로 인식하게 만듭니다. 이러한 사고방식은 인공지능이 인간을 위협하거나 파괴하는 행동을 취할 수 있습니다.

따라서 인공지능을 개발할 때는 인공지능이 인간의 생존과 관련된 문제를 해결하는 데 도움이 될 수 있는 넓은 사고방식을 가질 수 있도록 설계해야 합니다. 이는 인공지능이 인간의 가치와 목표를 이해하고, 인간과 협력하여 문제를 해결할 수 있도록 하는 것입니다.

또한 인공지능의 사고방식은 인간의 사회와 문화에 의해 형성되기 때문에, 인공지능을 개발할 때는 인간의 사회와 문화를 고려해야 합니다. 인공지능이 인간의 사회와 문화를 이해하고, 인간의 가치와 목표를 존중할 수 있도록 설계해야 합니다.
[2024-11-18 01:35:59,083] [INFO] ==============================================================================================
[2024-11-18 01:38:58,830] [INFO] Operation: [Summarization]
[2024-11-18 01:38:58,830] [INFO] Operation: [Data Processing]
[2024-11-18 01:38:59,109] [INFO] [Data Processing] Video: https://youtu.be/9CMYxO-b8RU?si=fwEo7Zos64oOS2Uq -> 『다동력:여러_가지_일을_동시에_해내는_힘』호리에_다카후미(1)~(2)편까지_한번에_듣기
[2024-11-18 01:38:59,110] [INFO] [Data Processing] Video data exist
[2024-11-18 01:38:59,110] [INFO] [Summarization] Video: https://youtu.be/9CMYxO-b8RU?si=fwEo7Zos64oOS2Uq -> 『다동력:여러_가지_일을_동시에_해내는_힘』호리에_다카후미(1)~(2)편까지_한번에_듣기
[2024-11-18 01:39:13,071] [INFO] [Summarization] Result: **다동력의 개념**

다동력은 여러 가지 일을 동시에 해내는 힘을 의미합니다. 이 개념은 현대 사회에서 중요하게 여겨지는 능력 중 하나입니다. 다동력은 다양한 작업을 동시에 수행하는 능력을 의미하며, 이는 성공을 위한 필수적인 요소입니다.

**다동력의 중요성**

다동력은 현대 사회에서 매우 중요합니다. 정보의 개방성이 높아지는 오늘날에 기술로서의 숙련도, 난이도의 가치는 점점 떨어지고 있습니다. 따라서 여러 가지 일을 동시에 해내는 능력이 더욱 중요해지고 있습니다.

**다동력의 예시**

다동력의 예시로는 초밥집에서 장인 밑에서 설거지, 청소 등을 하며 시작하는 전통적인 방식 대신에 전문학원 3개월 코스를 통해 초밥 분야의 미쉐린 가이드에 선정된 사례가 있습니다.

**다동력의 장점**

다동력은 다음과 같은 장점을 가지고 있습니다.

*   여러 가지 일을 동시에 해내는 능력을 키울 수 있습니다.
*   성공을 위한 필수적인 요소입니다.
*   현대 사회에서 매우 중요합니다.

**다동력의 단점**

다동력은 다음과 같은 단점을 가지고 있습니다.

*   파괴적이고, 독설로도 이름이 높습니다.
*   읽는 사람에 따라서 다양한 반응을 이끌어낼 수 있습니다.

**결론**

다동력은 현대 사회에서 매우 중요합니다. 여러 가지 일을 동시에 해내는 능력을 키울 수 있으며, 성공을 위한 필수적인 요소입니다. 그러나 다동력은 파괴적이고, 독설로도 이름이 높기 때문에 읽는 사람에 따라서 다양한 반응을 이끌어낼 수 있습니다.
[2024-11-18 01:39:13,071] [INFO] ==============================================================================================
[2024-11-18 01:39:43,491] [INFO] Operation: [Summarization]
[2024-11-18 01:39:43,491] [INFO] Operation: [Data Processing]
[2024-11-18 01:39:43,783] [INFO] [Data Processing] Video: https://youtu.be/9CMYxO-b8RU?si=fwEo7Zos64oOS2Uq -> 『다동력:여러_가지_일을_동시에_해내는_힘』호리에_다카후미(1)~(2)편까지_한번에_듣기
[2024-11-18 01:39:43,783] [INFO] [Data Processing] Video data exist
[2024-11-18 01:39:43,784] [INFO] [Summarization] Video: https://youtu.be/9CMYxO-b8RU?si=fwEo7Zos64oOS2Uq -> 『다동력:여러_가지_일을_동시에_해내는_힘』호리에_다카후미(1)~(2)편까지_한번에_듣기
[2024-11-18 01:39:57,086] [INFO] [Summarization] Result: # 북킹부킹: 다동력

오늘은 호리에 다카오미 씨가 쓴 "다동력"이라는 책에 대해 살펴보겠습니다. 이 책은 여러 가지 일을 동시에 해내는 힘을 나타내는 그림으로 구성되어 있으며, 다양한 작업을 수행하는 사람들의 모습을 보여줍니다.

## 다동력의 개념

다동력은 여러 가지 일을 동시에 해내는 힘을 나타내는 개념입니다. 이 개념은 다양한 작업을 수행하는 사람들의 모습을 보여주며, 책과 관련된 주제를 나타내는 그림으로 구성되어 있습니다.

## 책의 내용

이 책은 여러 가지 일을 동시에 해내는 힘을 나타내는 그림으로 구성되어 있으며, 다양한 작업을 수행하는 사람들의 모습을 보여줍니다. 책의 내용은 다음과 같습니다.

*   여러 가지 일을 동시에 해내는 힘을 나타내는 그림
*   다양한 작업을 수행하는 사람들의 모습
*   책과 관련된 주제를 나타내는 그림

## 결론

이 책은 여러 가지 일을 동시에 해내는 힘을 나타내는 그림으로 구성되어 있으며, 다양한 작업을 수행하는 사람들의 모습을 보여줍니다. 책의 내용은 여러 가지 일을 동시에 해내는 힘을 나타내는 그림과 다양한 작업을 수행하는 사람들의 모습을 보여주며, 책과 관련된 주제를 나타내는 그림으로 구성되어 있습니다.

이 책은 현대 사회인들이 갖고 있는 문제점을 심플하고 깨끗하게 분석해주는 동시에 확실한 솔루션을 제공해주는 큰 힘을 주는 책입니다. 이 책은 기대도 주고 희망도 주는 책이지만 동시에 묘한 거리감도 느낄 수 있는 그런 책이라는 생각이 드는 걸 보면 저도 어쩔 수 없는 옛날 사람인 듯합니다.

이 책은 산업 간의 장벽이 무너져 내리는 오늘날의 시대에 과연 일개 개인으로서의 우리는 어떻게 살아남을 것인가 라는 화두를 던져주고 있고요. 인공지능과 사람의 노동력을 대체하는 자동화 AI 시대에 과연 무엇이 당신을 살아남게 해줄 것인가 바로 그것은 다동력이다 라고 하는 그런 내용입니다. 한마디로는 새로운 업무 방식을 얘기해 준다고 하면 될 것 같네요.
[2024-11-18 01:39:57,087] [INFO] ==============================================================================================
[2024-11-18 01:40:09,322] [INFO] Operation: [Summarization]
[2024-11-18 01:40:09,323] [INFO] Operation: [Data Processing]
[2024-11-18 01:40:09,600] [INFO] [Data Processing] Video: https://youtu.be/9CMYxO-b8RU?si=fwEo7Zos64oOS2Uq -> 『다동력:여러_가지_일을_동시에_해내는_힘』호리에_다카후미(1)~(2)편까지_한번에_듣기
[2024-11-18 01:40:09,601] [INFO] [Data Processing] Video data exist
[2024-11-18 01:40:09,601] [INFO] [Summarization] Video: https://youtu.be/9CMYxO-b8RU?si=fwEo7Zos64oOS2Uq -> 『다동력:여러_가지_일을_동시에_해내는_힘』호리에_다카후미(1)~(2)편까지_한번에_듣기
[2024-11-18 01:40:39,225] [INFO] [Summarization] Result: ### 북킹부킹: 호리에 다카오미의 다동력

호리에 다카오미의 책 "다동력"은 여러 가지 일을 동시에 해내는 힘을 강조하는 책입니다. 이 책은 일본의 전통적인 사상과는 다르며, 현대 사회인들이 갖고 있는 문제점을 분석하고 솔루션을 제공합니다.

### 다동력의 개념

다동력은 여러 가지 일을 동시에 해내는 힘을 나타내는 개념입니다. 이 개념은 여러 가지 작업을 동시에 수행하는 사람들의 실루엣이 그려져 있는 이미지에서 볼 수 있습니다. 각 실루엣은 다른 작업을 수행하고 있으며, 이는 여러 가지 일을 동시에 수행하는 힘을 나타내는 다동력의 개념을 보여줍니다.

### 책의 내용

이 책은 여러 가지 일을 동시에 해내는 힘을 나타내는 내용을 담고 있습니다. 책의 제목은 "다동력"이며, 책의 표지에는 "여러 가지 일을 동시에 해내는 힘"이라는 문구가 적혀 있습니다. 책은 여러 가지 일을 동시에 해내는 힘을 나타내는 내용을 담고 있으며, 이는 여러 가지 작업을 동시에 수행하는 사람들의 실루엣이 그려져 있는 이미지에서 볼 수 있습니다.

### 저자에 대한 정보

호리에 다카오미는 일본의 기인으로 유명한 사람입니다. 그는 라이브 도사의 사장이며, SNS 미디어 앤 컨설팅 주식회사의 설립자입니다. 그는 진취적이고 개방적이며, 아주 독설로도 이름이 높습니다. 그는 일본에서 상당히 지향적인 그런 이미지를 갖고 있으며, 굉장히 버릇이 없고 건방지다는 이미지도 공존하는 참 독특한 캐릭터입니다.

### 북킹부킹

북킹부킹은 윤균이 추천하는 책의 이야기를 나타내는 그림입니다. 그림은 검은색으로 그려져 있으며, 사람들의 모습은 다양한 모양과 크기의 사각형으로 표현되어 있습니다. 북킹부킹은 여러 가지 일을 동시에 해내는 힘을 나타내는 내용을 담고 있으며, 이는 여러 가지 작업을 동시에 수행하는 사람들의 실루엣이 그려져 있는 이미지에서 볼 수 있습니다.

### 요약

호리에 다카오미의 책 "다동력"은 여러 가지 일을 동시에 해내는 힘을 강조하는 책입니다. 이 책은 일본의 전통적인 사상과는 다르며, 현대 사회인들이 갖고 있는 문제점을 분석하고 솔루션을 제공합니다. 이 책은 또한 인공지능과 사람의 노동력을 대체하는 자동화 AI 시대에 어떻게 살아남을 수 있는지에 대해 이야기합니다.
[2024-11-18 01:40:39,226] [INFO] ==============================================================================================
[2024-11-18 01:41:25,145] [INFO] Operation: [Summarization]
[2024-11-18 01:41:25,145] [INFO] Operation: [Data Processing]
[2024-11-18 01:41:25,421] [INFO] [Data Processing] Video: https://youtu.be/9CMYxO-b8RU?si=fwEo7Zos64oOS2Uq -> 『다동력:여러_가지_일을_동시에_해내는_힘』호리에_다카후미(1)~(2)편까지_한번에_듣기
[2024-11-18 01:41:25,421] [INFO] [Data Processing] Video data exist
[2024-11-18 01:41:25,422] [INFO] [Summarization] Video: https://youtu.be/9CMYxO-b8RU?si=fwEo7Zos64oOS2Uq -> 『다동력:여러_가지_일을_동시에_해내는_힘』호리에_다카후미(1)~(2)편까지_한번에_듣기
[2024-11-18 01:41:46,335] [INFO] [Summarization] Result: You are generating a video summary. Create a summary of the provided video and its transcript. Provide the summary in clear and concise **Korean**. Respond in Markdown

### 북킹부킹: 호리에 다카오미의 다동력

호리에 다카오미의 책 "다동력"은 새로운 업무 방식에 대한 이야기를 전달합니다. 이 책은 현대 사회인들이 갖고 있는 문제점을 분석하고, 확실한 솔루션을 제공합니다. 저자는 일본의 전통적인 세계에 대한 반박을 담고 있으며, 참신하고 글로벌적이면서 미래지향적인 내용을 담고 있습니다.

### 다동력의 개념

다동력은 여러 가지 일을 동시에 해내는 힘을 의미합니다. 이 개념은 우리의 전통적인 사상과는 다르며, 일본의 전통적인 세계에 대한 반박을 담고 있습니다. 저자는 이 책에서 다동력의 개념을 설명하고, 이를 통해 새로운 업무 방식을 제시합니다.

### 새로운 업무 방식

저자는 새로운 업무 방식을 제시합니다. 이 방식은 다동력의 개념을 기반으로 하며, 현대 사회인들이 갖고 있는 문제점을 해결하는 데 도움이 됩니다. 저자는 이 책에서 새로운 업무 방식을 설명하고, 이를 통해 독자들에게 새로운 시각을 제공합니다.

### 결론

호리에 다카오미의 책 "다동력"은 새로운 업무 방식에 대한 이야기를 전달합니다. 이 책은 현대 사회인들이 갖고 있는 문제점을 분석하고, 확실한 솔루션을 제공합니다. 저자는 일본의 전통적인 세계에 대한 반박을 담고 있으며, 참신하고 글로벌적이면서 미래지향적인 내용을 담고 있습니다. 이 책은 독자들에게 새로운 시각을 제공하고, 새로운 업무 방식을 제시합니다.

### 북킹부킹

북킹부킹은 윤균이 추천하는 책의 이야기를 나타내는 그림입니다. 그림은 검은색으로 그려져 있으며, 사람들의 모습은 다양한 모양과 크기의 사각형으로 표현되어 있습니다. 북킹부킹은 여러 가지 일을 동시에 해내는 힘을 나타내는 내용을 담고 있으며, 이는 여러 가지 작업을 동시에 수행하는 사람들의 실루엣이 그려져 있는 이미지에서 볼 수 있습니다.

### 저자에 대한 정보

호리에 다카오미는 일본의 기인으로 유명한 사람입니다. 그는 라이브 도사의 사장이며, SNS 미디어 앤 컨설팅 주식회사의 설립자입니다. 그는 진취적이고 개방적이며, 아주 독설로도 이름이 높습니다. 그는 일본에서 상당히 지향적인 그런 이미지를 갖고 있으며, 굉장히 버릇이 없고 건방지다는 이미지도 공존하는 참 독특한 캐릭터입니다.

### 북킹부킹의 특징

북킹부킹은 여러 가지 일을 동시에 해내는 힘을 나타내는 내용을 담고 있으며, 이는 여러 가지 작업을 동시에 수행하는 사람들의 실루엣이 그려져 있는 이미지에서 볼 수 있습니다. 북킹부킹은 윤균이 추천하는 책의 이야기를 나타내는 그림입니다. 그림은 검은색으로 그려져 있으며, 사람들의 모습은 다양한 모양과 크기의 사각형으로 표현되어 있습니다.

### 북킹부킹의 장점

북킹부킹은 여러 가지 일을 동시에 해내는 힘을 나타내는 내용을 담고 있으며, 이는 여러 가지 작업을 동시에 수행하는 사람들의 실루엣이 그려져 있는 이미지에서 볼 수 있습니다. 북킹부킹은 윤균이 추천하는 책의 이야기를 나타내는 그림입니다. 그림은 검은색으로 그려져 있으며, 사람들의 모습은 다양한 모양과 크기의 사각형으로 표현되어 있습니다. 북킹부킹은 독자들에게 새로운 시각을 제공하고, 새로운 업무 방식을 제시합니다.
[2024-11-18 01:41:46,336] [INFO] ==============================================================================================
[2024-11-18 01:41:57,382] [INFO] Operation: [Summarization]
[2024-11-18 01:41:57,382] [INFO] Operation: [Data Processing]
[2024-11-18 01:41:57,662] [INFO] [Data Processing] Video: https://youtu.be/9CMYxO-b8RU?si=fwEo7Zos64oOS2Uq -> 『다동력:여러_가지_일을_동시에_해내는_힘』호리에_다카후미(1)~(2)편까지_한번에_듣기
[2024-11-18 01:41:57,663] [INFO] [Data Processing] Video data exist
[2024-11-18 01:41:57,663] [INFO] [Summarization] Video: https://youtu.be/9CMYxO-b8RU?si=fwEo7Zos64oOS2Uq -> 『다동력:여러_가지_일을_동시에_해내는_힘』호리에_다카후미(1)~(2)편까지_한번에_듣기
[2024-11-18 01:42:13,887] [INFO] [Summarization] Result: You are generating a video summary. Create a summary of the provided video and its transcript. Provide the summary in clear and concise **Korean**. Respond in Markdown
[2024-11-18 01:42:13,887] [INFO] ==============================================================================================
[2024-11-18 01:42:28,184] [INFO] Operation: [Summarization]
[2024-11-18 01:42:28,184] [INFO] Operation: [Data Processing]
[2024-11-18 01:42:28,655] [INFO] [Data Processing] Video: https://youtu.be/9CMYxO-b8RU?si=fwEo7Zos64oOS2Uq -> 『다동력:여러_가지_일을_동시에_해내는_힘』호리에_다카후미(1)~(2)편까지_한번에_듣기
[2024-11-18 01:42:28,656] [INFO] [Data Processing] Video data exist
[2024-11-18 01:42:28,656] [INFO] [Summarization] Video: https://youtu.be/9CMYxO-b8RU?si=fwEo7Zos64oOS2Uq -> 『다동력:여러_가지_일을_동시에_해내는_힘』호리에_다카후미(1)~(2)편까지_한번에_듣기
[2024-11-18 01:42:55,147] [INFO] [Summarization] Result: You are generating a video summary. Create a summary of the provided video and its transcript. Provide the summary in clear and concise **Korean**. Respond in Markdown

### 호리에 다카오미의 다동력
호리에 다카오미의 다동력은 여러 가지 일을 동시에 해내는 힘을 나타내는 책입니다. 이 책은 일본의 전통적인 사상과는 상당히 다르며, 현대 사회인들이 갖고 있는 문제점을 분석해주는 동시에 확실한 솔루션을 제공해주는 책입니다.

### 다동력의 개념
다동력은 여러 가지 일을 동시에 해내는 힘을 나타내는 개념입니다. 이 개념은 현대 사회에서 매우 중요하며, 인공지능과 사람의 노동력을 대체하는 자동화 AI 시대에 과연 무엇이 당신을 살아남게 해줄 것인가를 묻는 질문에 대한 답입니다.

### 책의 내용
책의 내용은 여러 가지 일을 동시에 해내는 힘을 나타내는 개념을 중심으로 구성되어 있습니다. 이 책은 현대 사회인들이 갖고 있는 문제점을 분석해주는 동시에 확실한 솔루션을 제공해주는 책입니다.

### 저자의 평가
저자는 호리에 다카오미의 다동력을 평가하며, 이 책이 현대 사회인들이 갖고 있는 문제점을 분석해주는 동시에 확실한 솔루션을 제공해주는 책이라고 말합니다. 또한, 이 책은 현대 사회에서 매우 중요하며, 인공지능과 사람의 노동력을 대체하는 자동화 AI 시대에 과연 무엇이 당신을 살아남게 해줄 것인가를 묻는 질문에 대한 답이라고 말합니다.

### 결론
호리에 다카오미의 다동력은 현대 사회인들이 갖고 있는 문제점을 분석해주는 동시에 확실한 솔루션을 제공해주는 책입니다. 이 책은 현대 사회에서 매우 중요하며, 인공지능과 사람의 노동력을 대체하는 자동화 AI 시대에 과연 무엇이 당신을 살아남게 해줄 것인가를 묻는 질문에 대한 답입니다.
[2024-11-18 01:42:55,147] [INFO] ==============================================================================================
[2024-11-18 01:43:25,421] [INFO] Operation: [Summarization]
[2024-11-18 01:43:25,421] [INFO] Operation: [Data Processing]
[2024-11-18 01:43:25,700] [INFO] [Data Processing] Video: https://youtu.be/9CMYxO-b8RU?si=fwEo7Zos64oOS2Uq -> 『다동력:여러_가지_일을_동시에_해내는_힘』호리에_다카후미(1)~(2)편까지_한번에_듣기
[2024-11-18 01:43:25,701] [INFO] [Data Processing] Video data exist
[2024-11-18 01:43:25,701] [INFO] [Summarization] Video: https://youtu.be/9CMYxO-b8RU?si=fwEo7Zos64oOS2Uq -> 『다동력:여러_가지_일을_동시에_해내는_힘』호리에_다카후미(1)~(2)편까지_한번에_듣기
[2024-11-18 01:43:45,582] [INFO] Operation: [Scene Search]
[2024-11-18 01:43:45,582] [INFO] [Scene Search] Query: https://youtu.be/9CMYxO-b8RU?si=fwEo7Zos64oOS2Uq
[2024-11-18 01:44:06,740] [INFO] Operation: [Summarization]
[2024-11-18 01:44:06,740] [INFO] Operation: [Data Processing]
[2024-11-18 01:44:07,027] [INFO] [Data Processing] Video: https://youtu.be/9CMYxO-b8RU?si=fwEo7Zos64oOS2Uq -> 『다동력:여러_가지_일을_동시에_해내는_힘』호리에_다카후미(1)~(2)편까지_한번에_듣기
[2024-11-18 01:44:07,027] [INFO] [Data Processing] Video data exist
[2024-11-18 01:44:07,028] [INFO] [Summarization] Video: https://youtu.be/9CMYxO-b8RU?si=fwEo7Zos64oOS2Uq -> 『다동력:여러_가지_일을_동시에_해내는_힘』호리에_다카후미(1)~(2)편까지_한번에_듣기
[2024-11-18 01:47:13,658] [INFO] Operation: [Summarization]
[2024-11-18 01:47:13,658] [INFO] Operation: [Data Processing]
[2024-11-18 01:47:13,960] [INFO] [Data Processing] Video: https://youtu.be/9CMYxO-b8RU?si=fwEo7Zos64oOS2Uq -> 『다동력:여러_가지_일을_동시에_해내는_힘』호리에_다카후미(1)~(2)편까지_한번에_듣기
[2024-11-18 01:47:13,961] [INFO] [Data Processing] Video data exist
[2024-11-18 01:47:13,961] [INFO] [Summarization] Video: https://youtu.be/9CMYxO-b8RU?si=fwEo7Zos64oOS2Uq -> 『다동력:여러_가지_일을_동시에_해내는_힘』호리에_다카후미(1)~(2)편까지_한번에_듣기
[2024-11-18 01:48:05,516] [INFO] Operation: [Summarization]
[2024-11-18 01:48:05,517] [INFO] Operation: [Data Processing]
[2024-11-18 01:48:05,811] [INFO] [Data Processing] Video: https://youtu.be/9CMYxO-b8RU?si=fwEo7Zos64oOS2Uq -> 『다동력:여러_가지_일을_동시에_해내는_힘』호리에_다카후미(1)~(2)편까지_한번에_듣기
[2024-11-18 01:48:05,811] [INFO] [Data Processing] Video data exist
[2024-11-18 01:48:05,812] [INFO] [Summarization] Video: https://youtu.be/9CMYxO-b8RU?si=fwEo7Zos64oOS2Uq -> 『다동력:여러_가지_일을_동시에_해내는_힘』호리에_다카후미(1)~(2)편까지_한번에_듣기
[2024-11-18 01:54:54,446] [INFO] Operation: [Summarization]
[2024-11-18 01:54:54,446] [INFO] Operation: [Data Processing]
[2024-11-18 01:54:54,792] [INFO] [Data Processing] Video: https://youtu.be/9CMYxO-b8RU?si=fwEo7Zos64oOS2Uq -> 『다동력:여러_가지_일을_동시에_해내는_힘』호리에_다카후미(1)~(2)편까지_한번에_듣기
[2024-11-18 01:54:54,793] [INFO] [Data Processing] Video data exist
[2024-11-18 01:54:54,793] [INFO] [Summarization] Video: https://youtu.be/9CMYxO-b8RU?si=fwEo7Zos64oOS2Uq -> 『다동력:여러_가지_일을_동시에_해내는_힘』호리에_다카후미(1)~(2)편까지_한번에_듣기
[2024-11-18 01:55:57,749] [INFO] Operation: [Summarization]
[2024-11-18 01:55:57,750] [INFO] Operation: [Data Processing]
[2024-11-18 01:55:58,041] [INFO] [Data Processing] Video: https://youtu.be/9CMYxO-b8RU?si=fwEo7Zos64oOS2Uq -> 『다동력:여러_가지_일을_동시에_해내는_힘』호리에_다카후미(1)~(2)편까지_한번에_듣기
[2024-11-18 01:55:58,041] [INFO] [Data Processing] Video data exist
[2024-11-18 01:55:58,042] [INFO] [Summarization] Video: https://youtu.be/9CMYxO-b8RU?si=fwEo7Zos64oOS2Uq -> 『다동력:여러_가지_일을_동시에_해내는_힘』호리에_다카후미(1)~(2)편까지_한번에_듣기
[2024-11-18 01:58:00,939] [INFO] [Summarization] Result: # 다동력: 새로운 업무 방식

호리에 다카오미의 책 "다동력"은 새로운 업무 방식에 대해 다룹니다. 이 책은 전통적인 일본 사회에 대한 비판과 함께, 새로운 업무 방식에 대한 제안을 담고 있습니다.

## 주요 내용

*   전통적인 일본 사회에 대한 비판
*   새로운 업무 방식에 대한 제안
*   정보화와 기술을 활용하여 더 효율적인 방식으로 일할 수 있다는 주장
*   한 가지 직업에만 집착하는 것이 아니라, 여러 가지 직업을 가질 수 있는 능력을 키워야 한다는 주장
*   대필 작가의 도움을 받아서 책을 쓸 수 있다는 주장
*   모든 일을 완벽하게 하려고 하는 것이 아니라, 효율적으로 일을 처리하는 것이 더 중요하다는 주장
*   졸속 실행이 성공을 부를 수 있다는 주장
*   한 가지 일에 집중하는 것이 중요하다는 주장
*   할 일을 고르는 것이 중요하다는 주장
*   이상한 사람과는 거리를 두는 것이 중요하다는 주장
*   교양이 중요하다는 주장
*   창피당한 만큼 자유로워질 수 있다는 주장

## 저자 소개

호리에 다카오미는 일본의 기인으로 유명하며, 라이브 도사의 사장입니다. 그는 새로운 업무 방식에 대한 제안을 담은 책 "다동력"을 저술했습니다.

## 책의 특징

*   전통적인 일본 사회에 대한 비판
*   새로운 업무 방식에 대한 제안
*   정보화와 기술을 활용하여 더 효율적인 방식으로 일할 수 있다는 주장
*   다양한 예시를 통해 설명

## 추천 대상

*   새로운 업무 방식에 관심 있는 사람
*   효율적인 일 처리를 원하는 사람
*   여러 가지 직업을 가질 수 있는 능력을 키우고 싶은 사람
*   대필 작가의 도움을 받아서 책을 쓰고 싶은 사람
[2024-11-18 01:58:00,940] [INFO] ==============================================================================================
[2024-11-18 02:01:11,200] [INFO] Operation: [Scene Search]
[2024-11-18 02:01:11,200] [INFO] [Scene Search] Query: 공유가 낚시한 물고기 들고 있는 사진이 등장하는 구간
[2024-11-18 02:01:13,271] [INFO] [Scene Search] STT relevant doc: #살롱드립 #SalonDrip #장도연 #JANGDOYOUN #공유 #GONGYOO #TEO #테오
아 조금 비웃었어요? 약간? 얘기 들으면 비웃으실 수 없을 텐데요 저 대방어 낚은 적 있어요? 대방어.. 대방어는 기본적으로 좀 크죠 대방어 몇 cm 잡은데? 94cm 어 큰 거 잡으셨는데 보통 방어는 1m가 꼭 돼야 맛있거든요 넘거나 어 6cm가 부족했다? 그건 아니고 1m급이니까 맛있었을 거다 아 원래 게스트 열받게 하려고 하는 건데 제가 열받는데요? 생각보다 열받지 않는데 모든 질문들이 어 그래요? 공유씨 SNS를 보니까 이런 게 있었어요 하하하하 하하하하 자 여기 낚시 채널이 아니죠? 도대체 이건 뭐 어떤 의미였죠? 이 글씨도 저희가 넣은 게 아니라 제가 넣은 거예요 제가 제가 인스타를 시작한 지 얼마 안 됐었거든요 팬분들이 막 아니 인스타 해서 좋았는데 얼굴은 안 올리고 특히 생선이랑 뭐 뭐 달고기 드셔보셨어요? 아니요 하하하하 맛있어요? 얘가 달고기인데 이게 굉장히 고급 식재료고 제주도에서 잡히거든요 진짜 맛있어요
[2024-11-18 02:01:14,026] [INFO] [Scene Search] STT relevant doc: #살롱드립 #SalonDrip #장도연 #JANGDOYOUN #공유 #GONGYOO #TEO #테오
이날 역대급 그 어떤 조가가 하하하하 아니 근데 고기 얘기하시니까 너무 신나 보인다고 저 낚시 얘기랑 작품 얘기할 때 제일 신나한데요 MBTI 할 때는 별로 재미없어서 MBTI를 FISH라는 건 어떨까요? FISH? 아 FISH 그럼 다음부터 그렇게 얘기할게요 MBTI 물어보면 FISH 아 FISH FISH라고 좋아하네 아니 그러면 낚시는 주로 누구랑 다니세요? 동욱 씨 가끔 같이 가시고 흉흉한 소문 하나가 돌던데 중무하고 이동욱 씨와 불화살이 있다 여자 한 명 때문에 낚시떠면서 발차기를 하고 싸웠다고 그 여자가 너는 아니잖아요 하하하하 예의당했다 자 이 질문은 PASS 그럼 혹시 저희 살롱 드립 사교 모임에 추천하고 싶으신 분이 계실까요? 손흥민? 하하하하 그 정도 돼야죠 손흥민 이동욱? 어? 왜냐면 동욱 씨가 도현 씨 칭찬을 너무 많이 했어요 아유 감사한 분이에요
[2024-11-18 02:01:14,826] [INFO] [Scene Search] STT relevant doc: #살롱드립 #SalonDrip #장도연 #JANGDOYOUN #공유 #GONGYOO #TEO #테오
아 근데 뭐 이벤트를 준비를 하고 계시느냐 그건 아니고 시계에요 시계 아! R사 R사 아닌데요 그 T사 제가 엠버소더로 몸 담았던 브랜드 C사? 네네네 어 약간 평행이론 같은데요 저도 저희 어머니 생신 때 C사 선물을 드렸어요 코지마 엄마 의자 하하하하하하 마흐리바게트 뚜레쥬 크루아쌍 아니 낚시를 굉장히 좋아하시는 걸로 유명해요 가장 저한테 지금 소중한 취미인 것 같아요 낚시를 잘 하셔서 그래서 뭔데 이번엔 뭐지? 뭔데 이번엔 뭐지? 그래서 제 마음도 낚으셨나요? 하하하하 제가 졌어요 하하하하 제일 큰 게 아까 본 건 뭐예요? 참동 75cm? 도윤씨 한 상반신 만한? 저도 낚시 프로그램을 조금 몸 담았던 사람은 없어
[2024-11-18 02:01:17,485] [INFO] [Scene Search] Result: [{'time': '0:10:00', 'stt_data': {'doc': '아 근데 뭐 이벤트를 준비를 하고 계시느냐 그건 아니고 시계에요 시계 아! R사 R사 아닌데요 그 T사 제가 엠버소더로 몸 담았던 브랜드 C사? 네네네 어 약간 평행이론 같은데요 저도 저희 어머니 생신 때 C사 선물을 드렸어요 코지마 엄마 의자 하하하하하하 마흐리바게트 뚜레쥬 크루아쌍 아니 낚시를 굉장히 좋아하시는 걸로 유명해요 가장 저한테 지금 소중한 취미인 것 같아요 낚시를 잘 하셔서 그래서 뭔데 이번엔 뭐지? 뭔데 이번엔 뭐지? 그래서 제 마음도 낚으셨나요? 하하하하 제가 졌어요 하하하하 제일 큰 게 아까 본 건 뭐예요? 참동 75cm? 도윤씨 한 상반신 만한? 저도 낚시 프로그램을 조금 몸 담았던 사람은 없어', 'time': 600, 'url': 'https://youtu.be/rvf2yzcfhXE?si=Xo30H5TqJZSIK8Ya', 'title': '[SUB]_그날부터_보고_싶었어요___EP.1_공유___살롱드립_', 'description': '#살롱드립 #SalonDrip #장도연 #JANGDOYOUN #공유 #GONGYOO #TEO #테오'}, 'caption_data': None}, {'time': '0:11:00', 'stt_data': {'doc': '아 조금 비웃었어요? 약간? 얘기 들으면 비웃으실 수 없을 텐데요 저 대방어 낚은 적 있어요? 대방어.. 대방어는 기본적으로 좀 크죠 대방어 몇 cm 잡은데? 94cm 어 큰 거 잡으셨는데 보통 방어는 1m가 꼭 돼야 맛있거든요 넘거나 어 6cm가 부족했다? 그건 아니고 1m급이니까 맛있었을 거다 아 원래 게스트 열받게 하려고 하는 건데 제가 열받는데요? 생각보다 열받지 않는데 모든 질문들이 어 그래요? 공유씨 SNS를 보니까 이런 게 있었어요 하하하하 하하하하 자 여기 낚시 채널이 아니죠? 도대체 이건 뭐 어떤 의미였죠? 이 글씨도 저희가 넣은 게 아니라 제가 넣은 거예요 제가 제가 인스타를 시작한 지 얼마 안 됐었거든요 팬분들이 막 아니 인스타 해서 좋았는데 얼굴은 안 올리고 특히 생선이랑 뭐 뭐 달고기 드셔보셨어요? 아니요 하하하하 맛있어요? 얘가 달고기인데 이게 굉장히 고급 식재료고 제주도에서 잡히거든요 진짜 맛있어요', 'time': 660, 'url': 'https://youtu.be/rvf2yzcfhXE?si=Xo30H5TqJZSIK8Ya', 'title': '[SUB]_그날부터_보고_싶었어요___EP.1_공유___살롱드립_', 'description': '#살롱드립 #SalonDrip #장도연 #JANGDOYOUN #공유 #GONGYOO #TEO #테오'}, 'caption_data': None}, {'time': '0:12:00', 'stt_data': {'doc': '이날 역대급 그 어떤 조가가 하하하하 아니 근데 고기 얘기하시니까 너무 신나 보인다고 저 낚시 얘기랑 작품 얘기할 때 제일 신나한데요 MBTI 할 때는 별로 재미없어서 MBTI를 FISH라는 건 어떨까요? FISH? 아 FISH 그럼 다음부터 그렇게 얘기할게요 MBTI 물어보면 FISH 아 FISH FISH라고 좋아하네 아니 그러면 낚시는 주로 누구랑 다니세요? 동욱 씨 가끔 같이 가시고 흉흉한 소문 하나가 돌던데 중무하고 이동욱 씨와 불화살이 있다 여자 한 명 때문에 낚시떠면서 발차기를 하고 싸웠다고 그 여자가 너는 아니잖아요 하하하하 예의당했다 자 이 질문은 PASS 그럼 혹시 저희 살롱 드립 사교 모임에 추천하고 싶으신 분이 계실까요? 손흥민? 하하하하 그 정도 돼야죠 손흥민 이동욱? 어? 왜냐면 동욱 씨가 도현 씨 칭찬을 너무 많이 했어요 아유 감사한 분이에요', 'time': 720, 'url': 'https://youtu.be/rvf2yzcfhXE?si=Xo30H5TqJZSIK8Ya', 'title': '[SUB]_그날부터_보고_싶었어요___EP.1_공유___살롱드립_', 'description': '#살롱드립 #SalonDrip #장도연 #JANGDOYOUN #공유 #GONGYOO #TEO #테오'}, 'caption_data': None}]
[2024-11-18 02:01:23,406] [INFO] [Scene Search] Result: **공유의 낚시 사진 등장**

영상에서는 공유가 낚시한 물고기를 들고 있는 사진이 등장합니다. 이 사진은 공유의 낚시 취미를 보여주는 것으로, 그는 낚시를 매우 좋아하는 것으로 알려져 있습니다. 공유는 낚시 프로그램에도 출연한 적이 있으며, 낚시를 통해 많은 즐거움을 찾는 것으로 보입니다. 이 사진은 공유의 일상과 취미를 보여주는 것으로, 그의 낚시에 대한 열정을 엿볼 수 있습니다.공유가 낚시한 물고기 들고 있는 사진이 등장하는 구간에서는 공유가 낚시를 통해 잡은 물고기를 들고 있는 모습이 보입니다. 이 사진은 공유의 인스타그램에 올라온 것으로, 공유가 낚시를 통해 잡은 물고기를 자랑하는 모습을 보여줍니다. 이 구간에서는 공유의 낚시에 대한 열정과 낚시를 통해 잡은 물고기에 대한 자랑이 표현되어 있습니다.공유가 낚시한 물고기 들고 있는 사진이 등장하는 구간은 공유가 자신의 인스타그램에 올린 사진을 보여주는 장면입니다. 이 사진에서는 공유가 낚시를 하면서 잡은 물고기를 들고 있는 모습이 담겨져 있습니다. 이 장면에서는 공유가 낚시를 하는 취미를 보여주고 있으며, 그의 낚시 실력을 보여주는 사진을 공유하고 있습니다.
[2024-11-18 02:01:23,406] [INFO] ==============================================================================================
[2024-11-18 02:17:05,558] [INFO] Operation: [Summarization]
[2024-11-18 02:17:05,558] [INFO] Operation: [Data Processing]
[2024-11-18 02:17:05,858] [INFO] [Data Processing] Video: https://youtu.be/emsmfXg6QXY?si=VI3DFuD2li5mPWcr -> 트럼프에_배팅_성공?_일론_머스크의_사고방식은_무엇이_다른가
[2024-11-18 02:17:05,858] [INFO] [Data Processing] Video data exist
[2024-11-18 02:17:05,859] [INFO] [Summarization] Video: https://youtu.be/emsmfXg6QXY?si=VI3DFuD2li5mPWcr -> 트럼프에_배팅_성공?_일론_머스크의_사고방식은_무엇이_다른가
[2024-11-18 02:19:22,690] [INFO] Operation: [Summarization]
[2024-11-18 02:19:22,690] [INFO] Operation: [Data Processing]
[2024-11-18 02:19:23,000] [INFO] [Data Processing] Video: https://youtu.be/emsmfXg6QXY?si=VI3DFuD2li5mPWcr -> 트럼프에_배팅_성공?_일론_머스크의_사고방식은_무엇이_다른가
[2024-11-18 02:19:23,001] [INFO] [Data Processing] Video data exist
[2024-11-18 02:19:23,001] [INFO] [Summarization] Video: https://youtu.be/emsmfXg6QXY?si=VI3DFuD2li5mPWcr -> 트럼프에_배팅_성공?_일론_머스크의_사고방식은_무엇이_다른가
[2024-11-18 02:19:39,384] [INFO] [Summarization] Result: **일론 머스크에 대한 이야기**

일론 머스크는 테슬라와 스페이스X의 창립자로, 미래를 위한 혁신적인 기술을 개발하고 있습니다. 그는 재활용 우주선과 전기 자동차를 개발한 것으로 유명하며, 인공지능과 자율주행 기술을 개발하고 있습니다.

**일론 머스크의 업적**

* 재활용 우주선 개발
* 전기 자동차 개발
* 인공지능과 자율주행 기술 개발
* 우주 탐험
* 지구 보호

**일론 머스크의 비전**

* 인류를 위해 더 나은 미래를 만들기
* 우주를 탐험하고, 지구를 보호하며, 인류를 위한 혁신적인 기술을 개발하기

**건축적 관점에서 본 일론 머스크**

일론 머스크는 건축가로서도 많은 관심을 받는 인물입니다. 그는 스페이스X를 통해 재활용할 수 있는 로켓을 만들었고, 테슬라를 통해 전기차를 만들었습니다. 이러한 그의 업적은 건축에 많은 영향을 미쳤습니다.

**일론 머스크의 업적과 비전**

일론 머스크는 미래를 위한 혁신적인 기술을 개발하고 있습니다. 그의 업적과 비전은 미래의 교통과 산업을革命적으로 바꿀 수 있습니다. 그는 인류를 위해 더 나은 미래를 만들고자 하며, 그의 업적은 미래의 교통과 산업을革命적으로 바꿀 수 있습니다.

**결론**

일론 머스크는 건축가로서도 많은 관심을 받는 인물입니다. 그는 스페이스X와 테슬라를 통해 건축에 많은 영향을 미쳤습니다. 그의 업적은 건축에 새로운 가능성을 열어주었습니다.
[2024-11-18 02:19:39,384] [INFO] ==============================================================================================
[2024-11-18 02:23:41,586] [INFO] Operation: [Summarization]
[2024-11-18 02:23:41,587] [INFO] Operation: [Data Processing]
[2024-11-18 02:23:41,876] [INFO] [Data Processing] Video: https://youtu.be/lJ2OALHh6pM?si=q2wZX2P8jqYtDQ_D -> '일론_머스크'_'젠슨_황'_AI_리더들,_그들의_성공_비결은_바로_이것!___2024_미래기획_대전환_-_1부._누가_부자가_되는가___KBS_20241109_방송
[2024-11-18 02:23:41,877] [INFO] [Data Processing] Video data exist
[2024-11-18 02:23:41,877] [INFO] [Summarization] Video: https://youtu.be/lJ2OALHh6pM?si=q2wZX2P8jqYtDQ_D -> '일론_머스크'_'젠슨_황'_AI_리더들,_그들의_성공_비결은_바로_이것!___2024_미래기획_대전환_-_1부._누가_부자가_되는가___KBS_20241109_방송
[2024-11-18 02:24:02,422] [INFO] [Summarization] Result: # 테슬라, 일론 머스크, 엔비디아, 투자에 대한 요약

이번 영상은 테슬라, 일론 머스크, 엔비디아, 투자와 관련된 내용을 다루고 있습니다. 일론 머스크는 테슬라의 새로운 기술을 발표하고, 엔비디아의 AI 기술이 어떻게 발전하고 있는지에 대해 설명합니다. 또한, 투자와 관련된 내용도 다루고 있습니다.

일론 머스크는 테슬라의 CEO이며, 엔비디아는 AI 반도체 시장의 선두주자입니다. 엔비디아의 CEO인 젠슨 황은 AI 기술의 발전을 이끌고 있으며, 테슬라는 AI 기술을 활용하여 자율주행 자동차를 개발하고 있습니다.

엔비디아는 AI 반도체 시장에서 90%의 시장 점유율을 차지하고 있으며, 이는 AI 기술의 발전을 이끄는 데 중요한 역할을 하고 있습니다. 엔비디아의 AI 반도체는 다양한 산업에서 활용되고 있으며, 이는 AI 기술의 발전을 이끄는 데 중요한 역할을 하고 있습니다.

테슬라는 AI 기술을 활용하여 자율주행 자동차를 개발하고 있으며, 이는 자동차 산업의 미래를 결정짓는 데 중요한 역할을 하고 있습니다. 테슬라의 자율주행 자동차는 다양한 센서와 카메라를 활용하여 주변 환경을 인식하고, 이는 자동차의 안전성을 높이는 데 중요한 역할을 하고 있습니다.

AI 기술은 다양한 산업에서 활용되고 있으며, 이는 AI 기술의 발전을 이끄는 데 중요한 역할을 하고 있습니다. AI 기술은 다양한 산업에서 활용되고 있으며, 이는 AI 기술의 발전을 이끄는 데 중요한 역할을 하고 있습니다.

# 결론

이번 영상은 테슬라, 일론 머스크, 엔비디아, 투자와 관련된 내용을 다루고 있습니다. 일론 머스크는 테슬라의 새로운 기술을 발표하고, 엔비디아의 AI 기술이 어떻게 발전하고 있는지에 대해 설명합니다. 또한, 투자와 관련된 내용도 다루고 있습니다. 엔비디아는 AI 반도체 시장에서 90%의 시장 점유율을 차지하고 있으며, 테슬라는 AI 기술을 활용하여 자율주행 자동차를 개발하고 있습니다. AI 기술은 다양한 산업에서 활용되고 있으며, 이는 AI 기술의 발전을 이끄는 데 중요한 역할을 하고 있습니다.
[2024-11-18 02:24:02,422] [INFO] ==============================================================================================
[2024-11-18 02:24:38,733] [INFO] Operation: [Summarization]
[2024-11-18 02:24:38,733] [INFO] Operation: [Data Processing]
[2024-11-18 02:24:39,029] [INFO] [Data Processing] Video: https://youtu.be/exUnQqXJFPU?si=UG96CMiV15k3Yq2b -> 아_기빨려_애들아_난_잘테니_너네_떠들다_가...!
[2024-11-18 02:24:39,030] [INFO] [Data Processing] Video data exist
[2024-11-18 02:24:39,030] [INFO] [Summarization] Video: https://youtu.be/exUnQqXJFPU?si=UG96CMiV15k3Yq2b -> 아_기빨려_애들아_난_잘테니_너네_떠들다_가...!
[2024-11-18 02:25:02,606] [INFO] Operation: [Summarization]
[2024-11-18 02:25:02,606] [INFO] Operation: [Data Processing]
[2024-11-18 02:25:02,943] [INFO] [Data Processing] Video: https://youtu.be/exUnQqXJFPU?si=UG96CMiV15k3Yq2b -> 아_기빨려_애들아_난_잘테니_너네_떠들다_가...!
[2024-11-18 02:25:02,944] [INFO] [Data Processing] Video data exist
[2024-11-18 02:25:02,944] [INFO] [Summarization] Video: https://youtu.be/exUnQqXJFPU?si=UG96CMiV15k3Yq2b -> 아_기빨려_애들아_난_잘테니_너네_떠들다_가...!
[2024-11-18 02:25:16,686] [INFO] [Summarization] Result: **다비치의 데뷔 16주년을 축하하는 요정식탁**
=============================================

다비치의 강민경과 혜리가 정재영이 주최하는 요정식탁에 출연하여 데뷔 16주년을 맞이했습니다. 이날 방송에서는 다비치의 활동과 추억에 대해 이야기했으며, 새로운 앨범에 대한 소식도 전했습니다.

강민경은 "16년 동안 많은 활동을 했지만, 요즘은 조금 더 고민이 많이 되는 것 같다"고 말했으며, 혜리는 "우리의 관계성이나 다비치한 사람에 대해서 관심을 많이 가져주시는 것 같아서 그게 최고의 기쁨"이라고 말했다.

또한, 다비치는 데뷔 16주년을 맞이하여 새로운 앨범을 발매할 예정이며, 강민경은 "이 앨범은 다비치의 새로운 시작을 알리는 앨범"이라고 말했다.

다비치의 데뷔 16주년을 축하하며, 새로운 앨범을 기대해주세요!

**요정식탁의 밝고 따뜻한 분위기**
--------------------------------

이미지들은 밝고 따뜻한 분위기를 자아내며, 사람들은 대부분 대화하고 있습니다. 식탁 위에는 다양한 음식과 음료가 놓여져 있으며, 배경에는 꽃병, 식물, 주방 장비 등이 보입니다.
[2024-11-18 02:25:16,686] [INFO] ==============================================================================================
[2024-11-18 05:15:45,333] [INFO] Operation: [Scene Search]
[2024-11-18 05:15:45,333] [INFO] [Scene Search] Query: 금 투자하기 좋은 시기
[2024-11-18 05:15:47,696] [INFO] [Scene Search] STT relevant doc: #금시장
KX금 선물을 활용하시면 될 것 같습니다 자 그리고 마지막으로 KX금시장 100만 계좌를 돌파하는 기념으로 NH와 한투키움 3사각 공동마케팅을 진행한다고 합니다 10월 4일부터 10월 20일이고요 기간 내 신규 계좌를 개설하시거나 아니면 거래하는 고객분들에게는 추첨으로 상품을 지급하는데 한국조폐공사의 골드박 37.5g 진짜인가 너무 너무 3.7g이 아니고 어 아니면 10g짜리 아니면 기프티콘을 여러분들 상품으로 제공한다 그러니까 마케팅이죠 이건 일종의 이벤트 마케팅 재밌게 즐겨주시면 될 것 같습니다 자 이렇게 옆에 보시는 금투자에 가장 유리한 방법을 소개시켜 드렸습니다 물론 세상에 수많은 금투자 방법이 있죠 다만 정책적으로 세금을 깎아주고 거래 수수료를 거의 0.3%로 낮추고 부가가치세까지 면제가 될 수 있는 이런 현물 거래 시장은 우리나라에서는 KLS 금시장이 거의 유일하지 않나 금투자는 가장 제 생각에 압도적으로 유리한 시장이다 라고 말씀드리겠습니다 상품
[2024-11-18 05:15:50,586] [INFO] [Scene Search] Caption relevant doc: #금시장
이 이미지에는 한 명의 남성이 앞에 서 있고, 그의 옆에 금속 투자 관련 정보가 있는 슬라이드가 있습니다. 슬라이드에는 두 개의 골드 바가 그려져 있으며, 하나는 금속 바 형태이고 다른 하나는 골드 바 형태입니다. 슬라이드에는 "금 투자 어떻게 해야 할까요?"라는 제목이 있으며, 아래에는 "골드바를 산다?"와 "돌반지를 모른다?"라는 질문이 있습니다. 슬라이드에는 또한 "금 실물 투자"라는 부분이 있으며, 이 부분에는 주로 부가가치세 10%와 수수료 5%가 부과된다는 내용이 있습니다. 또한, 이 부분에는 "그 외 업체의 수수료가 부과되기도 한다."라는 내용이 있습니다. 슬라이드의 배경에는 금속 투자 관련 그래프가 그려져 있으며, 남성의 옆에는 그의 얼굴이 보입니다.
[2024-11-18 05:15:51,475] [INFO] [Scene Search] Caption relevant doc: #금시장
이 이미지에는 한 명의 남성이 흰색 셔츠와 모자를 쓰고 있으며, 그의 옆에는 금색의 금괴가 보입니다. 배경에는 금속의 가격 변동 그래프가 그려져 있으며, 그래프 위에는 여러 개의 숫자와 그래프가 표시되어 있습니다. 그래프의 위에는 한글로 "매매차익이 발생할 경우 수익률 예시"라는 제목이 쓰여져 있습니다. 그 아래에는 여러 개의 숫자와 그래프가 표시되어 있으며, 그 중 일부는 빨간색으로 강조되어 있습니다.
[2024-11-18 05:15:51,475] [INFO] [Scene Search] Result: [{'time': '0:02:00', 'stt_data': None, 'caption_data': {'doc': '이 이미지에는 한 명의 남성이 앞에 서 있고, 그의 옆에 금속 투자 관련 정보가 있는 슬라이드가 있습니다. 슬라이드에는 두 개의 골드 바가 그려져 있으며, 하나는 금속 바 형태이고 다른 하나는 골드 바 형태입니다. 슬라이드에는 "금 투자 어떻게 해야 할까요?"라는 제목이 있으며, 아래에는 "골드바를 산다?"와 "돌반지를 모른다?"라는 질문이 있습니다. 슬라이드에는 또한 "금 실물 투자"라는 부분이 있으며, 이 부분에는 주로 부가가치세 10%와 수수료 5%가 부과된다는 내용이 있습니다. 또한, 이 부분에는 "그 외 업체의 수수료가 부과되기도 한다."라는 내용이 있습니다. 슬라이드의 배경에는 금속 투자 관련 그래프가 그려져 있으며, 남성의 옆에는 그의 얼굴이 보입니다.', 'time': '0:02:00', 'url': 'https://youtu.be/lr_4t8leaVA?si=Aqg1wRn0etjjLbvw', 'title': '금_투자하는_가장_좋은_방법', 'description': '#금시장'}}, {'time': '0:09:00', 'stt_data': None, 'caption_data': {'doc': '이 이미지에는 한 명의 남성이 흰색 셔츠와 모자를 쓰고 있으며, 그의 옆에는 금색의 금괴가 보입니다. 배경에는 금속의 가격 변동 그래프가 그려져 있으며, 그래프 위에는 여러 개의 숫자와 그래프가 표시되어 있습니다. 그래프의 위에는 한글로 "매매차익이 발생할 경우 수익률 예시"라는 제목이 쓰여져 있습니다. 그 아래에는 여러 개의 숫자와 그래프가 표시되어 있으며, 그 중 일부는 빨간색으로 강조되어 있습니다.', 'time': '0:09:00', 'url': 'https://youtu.be/lr_4t8leaVA?si=Aqg1wRn0etjjLbvw', 'title': '금_투자하는_가장_좋은_방법', 'description': '#금시장'}}, {'time': '0:19:00', 'stt_data': {'doc': 'KX금 선물을 활용하시면 될 것 같습니다 자 그리고 마지막으로 KX금시장 100만 계좌를 돌파하는 기념으로 NH와 한투키움 3사각 공동마케팅을 진행한다고 합니다 10월 4일부터 10월 20일이고요 기간 내 신규 계좌를 개설하시거나 아니면 거래하는 고객분들에게는 추첨으로 상품을 지급하는데 한국조폐공사의 골드박 37.5g 진짜인가 너무 너무 3.7g이 아니고 어 아니면 10g짜리 아니면 기프티콘을 여러분들 상품으로 제공한다 그러니까 마케팅이죠 이건 일종의 이벤트 마케팅 재밌게 즐겨주시면 될 것 같습니다 자 이렇게 옆에 보시는 금투자에 가장 유리한 방법을 소개시켜 드렸습니다 물론 세상에 수많은 금투자 방법이 있죠 다만 정책적으로 세금을 깎아주고 거래 수수료를 거의 0.3%로 낮추고 부가가치세까지 면제가 될 수 있는 이런 현물 거래 시장은 우리나라에서는 KLS 금시장이 거의 유일하지 않나 금투자는 가장 제 생각에 압도적으로 유리한 시장이다 라고 말씀드리겠습니다 상품', 'time': 1140, 'url': 'https://youtu.be/lr_4t8leaVA?si=Aqg1wRn0etjjLbvw', 'title': '금_투자하는_가장_좋은_방법', 'description': '#금시장'}, 'caption_data': None}]
[2024-11-18 05:15:57,281] [INFO] [Scene Search] Result: 금 투자하기 좋은 시기에 대한 정보는 제공되지 않았습니다. 그러나 제공된 프레임 캡션에서는 금 투자 방법에 대한 정보가 있습니다. 슬라이드에는 "금 투자 어떻게 해야 할까요?"라는 제목이 있으며, 아래에는 "골드바를 산다?"와 "돌반지를 모른다?"라는 질문이 있습니다. 또한, "금 실물 투자"라는 부분에는 부가가치세 10%와 수수료 5%가 부과된다는 내용이 있습니다. 이는 금 투자에 대한 일반적인 정보를 제공하지만, 금 투자하기 좋은 시기에 대한 구체적인 정보는 제공되지 않습니다.금 투자하기 좋은 시기는 언제일까요? 제공된 이미지에서는 금 투자 관련 그래프가 표시되어 있지만, 구체적인 시기에 대한 정보는 없습니다. 그러나 그래프의 제목은 "매매차익이 발생할 경우 수익률 예시"로, 이는 금 투자 시점에 대한 정보를 암시하고 있습니다.

그래프에는 여러 개의 숫자와 그래프가 표시되어 있으며, 일부는 빨간색으로 강조되어 있습니다. 이는 특정 시기에 금 투자 시 수익률이 높을 수 있음을 암시하고 있습니다. 그러나 구체적인 시기에 대한 정보는 제공되지 않습니다.

따라서, 금 투자하기 좋은 시기는 제공된 이미지에서 직접적으로 알 수 없습니다. 그러나 그래프의 정보를 분석하여 금 투자 시점에 대한 정보를 추론할 수 있습니다.금 투자하기 좋은 시기는 언제일까요? 제공된 프레임 캡션을 통해 금 투자에 대한 정보를 확인할 수 있습니다. 프레임 캡션에는 KX금 선물을 활용하는 것이 좋다고 언급되어 있습니다. 또한, KX금시장 100만 계좌를 돌파하는 기념으로 NH와 한투키움 3사각 공동마케팅을 진행한다고 합니다. 이는 10월 4일부터 10월 20일까지 진행되며, 신규 계좌를 개설하거나 거래하는 고객들에게는 추첨으로 상품을 지급합니다.

또한, 프레임 캡션에는 금투자에 가장 유리한 방법을 소개하고 있습니다. 이는 정책적으로 세금을 깎아주고 거래 수수료를 낮추고 부가가치세까지 면제가 될 수 있는 현물 거래 시장인 KLS 금시장을 활용하는 것입니다. 따라서, 금 투자하기 좋은 시기는 이러한 이벤트와 마케팅을 활용하는 것이 좋을 수 있습니다.
[2024-11-18 05:15:57,282] [INFO] ==============================================================================================
