[2024-11-14 07:00:01,022] [INFO] Operation: [Data Processing]
[2024-11-14 07:00:01,320] [INFO] [Data Processing] Video: https://youtu.be/Pb2WhqgUWl8?si=-qb_oyJeOknaa_aQ -> 환혼 2 에서 이재욱과 오열한 바로 그 장면! '희수' vs '낙수' 고윤정의 선택은? 고윤정의 ASK ME ANYTHING🐣  | ELLE KOREA
[2024-11-14 07:00:01,350] [INFO] [Data Processing] Video data not exist, STT and Captioning Start
[2024-11-14 07:01:25,973] [INFO] [Data Processing] Done
[2024-11-14 07:01:42,841] [INFO] Operation: [Summarization]
[2024-11-14 07:01:42,841] [INFO] [Summarization] Video: https://youtu.be/Pb2WhqgUWl8?si=-qb_oyJeOknaa_aQ -> 환혼_2_에서_이재욱과_오열한_바로_그_장면!_'희수'_vs_'낙수'_고윤정의_선택은?_고윤정의_ASK_ME_ANYTHING_____ELLE_KOREA
[2024-11-14 07:01:42,841] [INFO] Operation: [Data Processing]
[2024-11-14 07:01:43,140] [INFO] [Data Processing] Video: https://youtu.be/Pb2WhqgUWl8?si=-qb_oyJeOknaa_aQ -> 환혼 2 에서 이재욱과 오열한 바로 그 장면! '희수' vs '낙수' 고윤정의 선택은? 고윤정의 ASK ME ANYTHING🐣  | ELLE KOREA
[2024-11-14 07:01:43,155] [INFO] [Data Processing] Video data exist
[2024-11-14 07:01:55,516] [INFO] [Summarization] Result: # 윤정의 엘르 인터뷰 요약

윤정은 최근 엘르 인터뷰에서 자신의 삶과 작품에 대해 이야기했습니다. 그녀는 자신의 인상과 실제 성격에 대해 말했으며, 자연스러움을 중요하게 생각하고 액션 장르를 가장 좋아한다고 했습니다.

윤정은 자신의 작품과 예능 출연에 대해 말했으며, 최근 작품인 '환원'에서 이재용 님과 함께 촬영한 장면에서 오열했다는 에피소드를 소개했습니다. 그녀는 또한 2023년을 돌아보며 사랑받은 해였던 것 같다고 했습니다.

윤정은 자신의 학창시절을 회상하며, 현재의 직업을 상상하지는 못했지만 즐겁게 살고 있지 않을까 라는 생각을 했다고 했습니다. 그녀는 또한 엘르 인터뷰 현장을 생각하며, 10년 뒤에 다시 엘르 인터뷰를 할 것 같다고 했습니다.

윤정은 자신의 여가 시간에 대해 말했으며, 알람을 맞추지 않고 일어나서 운동하고, 대본을 보며 TV를 본다고 했습니다. 그녀는 또한 집순이가 아니라고 생각했지만, 집에 있는 것이 제일 편하다고 했습니다.

# 이미지 요약

윤정은 다양한 배경과 옷을 입고 있으며, 빈티지 스타일의 옷을 입고 있습니다. 그녀는 다양한 표정과 행동을 보여주고 있으며, 종이를 들고 있거나 책상 위에 앉아 있는 모습을 보여줍니다. 이미지의 텍스트는 "ASK ME ANYTHING"과 "ELLE"라는 로고가 있으며, 여성의 이름이 적힌 작은 플래카드도 있습니다.

윤정의 이미지는 여성의 스타일과 개성에 집중되어 있으며, 그녀는 자신감과 자신을 표현하는 모습을 보여줍니다.
[2024-11-14 07:02:22,749] [INFO] Operation: [Scene Search]
[2024-11-14 07:02:22,749] [INFO] [Scene Search] Query: 고윤정이 요즘 푹 빠져있는 것은?
[2024-11-14 07:02:24,881] [INFO] [Scene Search] STT relevant doc: 2023년을 돌아보면 어떤 해였나요? 사랑받은 해였던 것 같아요. 되게 많은 관심과 사랑을 받은 따뜻했던 해였던 것 같습니다. 모든 작품이 아쉬웠겠지만 특별히 더 헤어지기 아쉬웠던 작품이 있다면? 음.. 이거 근데 어떤 작품 얘기하려면 또 다른 작품이 마음에 걸리고 어떤 작품이 또 다른 작품이 마음에 걸리고 어떻게 해야 되죠? 솔직히 얘기할게요. 환원 파트2 찍기 전까지는 무빙이었어요. 1년 동안 찍어서 입학과 졸업을 한 느낌 환원을 찍으면서 너무 빠른 시간에 정이 들고 재밌게 촬영하고 고생도 많이 하고 해서 환원이었다가 또 무빙이 방영돼서 다시 무빙으로 변했습니다. 크리스마스를 기다리는 윤정언니 11월부터 캐럴을 듣는다고 하셨는데 요즘 캐럴을 듣고 계시나요? 최애 캐럴 궁금해요. 저 어제 딱 처음 들었어요. 라스트 크리스마스? 뭐라야 캐리 다음으로 제일 많이 듣는 멈추지 않고 나아갈 수 있는 원동력은 무엇인가요? 즐거우니까 계속 할 수 있고 내가 맡은 일이기 때문에
[2024-11-14 07:04:11,383] [INFO] [Scene Search] Result: 고윤정은 요즘 액션 장르에 푹 빠져있다고 합니다. 그녀는 다양한 공간에서 찍을 수 있는 역동적인 액션이 그녀에게 매력적으로 느껴진다고 했습니다. 또한, 그녀는 최근 작품인 '환원'에서 이재용 님과 함께 촬영한 장면에서 오열했다는 에피소드를 소개하며, 액션 장르에 대한 그녀의 열정을 보여주었습니다.
[2024-11-14 07:12:08,695] [INFO] Operation: [Scene Search]
[2024-11-14 07:12:08,695] [INFO] [Scene Search] Query: 고윤정이 요즘 푹 빠져있는 것은?
[2024-11-14 07:13:51,627] [INFO] [Scene Search] STT relevant doc: 2023년을 돌아보면 어떤 해였나요? 사랑받은 해였던 것 같아요. 되게 많은 관심과 사랑을 받은 따뜻했던 해였던 것 같습니다. 모든 작품이 아쉬웠겠지만 특별히 더 헤어지기 아쉬웠던 작품이 있다면? 음.. 이거 근데 어떤 작품 얘기하려면 또 다른 작품이 마음에 걸리고 어떤 작품이 또 다른 작품이 마음에 걸리고 어떻게 해야 되죠? 솔직히 얘기할게요. 환원 파트2 찍기 전까지는 무빙이었어요. 1년 동안 찍어서 입학과 졸업을 한 느낌 환원을 찍으면서 너무 빠른 시간에 정이 들고 재밌게 촬영하고 고생도 많이 하고 해서 환원이었다가 또 무빙이 방영돼서 다시 무빙으로 변했습니다. 크리스마스를 기다리는 윤정언니 11월부터 캐럴을 듣는다고 하셨는데 요즘 캐럴을 듣고 계시나요? 최애 캐럴 궁금해요. 저 어제 딱 처음 들었어요. 라스트 크리스마스? 뭐라야 캐리 다음으로 제일 많이 듣는 멈추지 않고 나아갈 수 있는 원동력은 무엇인가요? 즐거우니까 계속 할 수 있고 내가 맡은 일이기 때문에
[2024-11-14 07:15:36,323] [INFO] [Scene Search] Caption relevant doc: 이 이미지에는 한 여성이 주로 주목받고 있습니다. 그녀는 검정과 화이트의 체크 패턴을 한 드레스를 입고 있으며, 목에 목걸이를 착용하고 있습니다. 그녀는 오른손으로 녹색 종이를 들고 있으며, 왼손에는 엘레가 쓰여 있는 노란색 종이를 들고 있습니다. 그녀의 앞에는 'ASK ME ANYTHING'이라는 텍스트가 있으며, 그녀의 옆에는 'Q4'라는 텍스트가 있습니다. 그녀의 옆에는 'ELLE'이라는 텍스트가 있으며, 그녀의 옆에는 '이모지가 있나요?'라는 텍스트가 있습니다. 그녀의 옆에는 '이게를 제일 많이 싸요'라는 텍스트가 있습니다. 그녀의 옆에는 'thumbs up'이라는 텍스트가 있습니다.
[2024-11-14 07:17:20,363] [INFO] [Scene Search] Caption relevant doc: 이 이미지에는 한 여성이 주요한 주제입니다. 그녀는 빈티지한 배경 앞에서 서 있으며, 그녀의 옷은 검정과 흰색의 체크 패턴을 가지고 있습니다. 그녀는 목에 목걸이를 착용하고 있으며, 목걸이는 금색의 체인과 함께 있습니다. 그녀의 머리는 뒤로 묶어져 있으며, 그녀의 얼굴에는 한국어가 표시되어 있습니다. 이미지의 왼쪽에는 "ASK ME ANYTHING"이라는 텍스트가 있으며, 오른쪽에는 "ELLE"라는 로고가 있습니다.
[2024-11-14 07:17:21,481] [INFO] [Scene Search] Result: 고윤정은 요즘 크리스마스 캐럴에 푹 빠져있다고 합니다. 그녀는 11월부터 캐럴을 듣기 시작했으며, 특히 "라스트 크리스마스"를 즐겨 듣는다고 했습니다.고윤정은 요즘 크리스마스 캐럴에 푹 빠져있다고 합니다. 특히 "라스트 크리스마스"를 즐겨 듣는다고 하네요.고윤정은 요즘 크리스마스 캐럴에 푹 빠져있다고 합니다. 그녀는 11월부터 캐럴을 듣기 시작했으며, 라스트 크리스마스와 캐리가 그녀의 최애 캐럴이라고 합니다.
